[1.716s] Invoking command in '/home/omerb/garp7_ws/src/garp_tools': DEBUGINFOD_URLS=https://debuginfod.ubuntu.com PS1=\[\e]0;\u@\h: \w\a\]${debian_chroot:+($debian_chroot)}\[\033[01;32m\]\u@\h\[\033[00m\]:\[\033[01;34m\]\w\[\033[00m\]\$ PYTHONPATH=/home/omerb/garp7_ws/build/garp_tools/prefix_override:/usr/lib/python3/dist-packages/colcon_core/task/python/colcon_distutils_commands:/home/omerb/garp7_ws/install/garp_tools/lib/python3.12/site-packages:${PYTHONPATH} VIRTUAL_ENV_PROMPT=(venv-ardupilot) /usr/bin/python3 -W ignore:setup.py install is deprecated -W ignore:easy_install command is deprecated setup.py egg_info --egg-base ../../build/garp_tools build --build-base /home/omerb/garp7_ws/build/garp_tools/build install --record /home/omerb/garp7_ws/build/garp_tools/install.log --single-version-externally-managed install_data
[2.253s] running egg_info
[2.288s] writing ../../build/garp_tools/garp_tools.egg-info/PKG-INFO
[2.289s] writing dependency_links to ../../build/garp_tools/garp_tools.egg-info/dependency_links.txt
[2.289s] writing entry points to ../../build/garp_tools/garp_tools.egg-info/entry_points.txt
[2.289s] writing requirements to ../../build/garp_tools/garp_tools.egg-info/requires.txt
[2.290s] writing top-level names to ../../build/garp_tools/garp_tools.egg-info/top_level.txt
[2.360s] reading manifest file '../../build/garp_tools/garp_tools.egg-info/SOURCES.txt'
[2.362s] writing manifest file '../../build/garp_tools/garp_tools.egg-info/SOURCES.txt'
[2.362s] running build
[2.362s] running build_py
[2.363s] running install
[2.373s] running install_lib
[2.411s] running install_data
[2.411s] running install_egg_info
[2.448s] removing '/home/omerb/garp7_ws/install/garp_tools/lib/python3.12/site-packages/garp_tools-0.0.0-py3.12.egg-info' (and everything under it)
[2.448s] Copying ../../build/garp_tools/garp_tools.egg-info to /home/omerb/garp7_ws/install/garp_tools/lib/python3.12/site-packages/garp_tools-0.0.0-py3.12.egg-info
[2.450s] running install_scripts
[2.683s] Installing odom_to_tf script to /home/omerb/garp7_ws/install/garp_tools/lib/garp_tools
[2.683s] Installing teleop_keyboard script to /home/omerb/garp7_ws/install/garp_tools/lib/garp_tools
[2.683s] writing list of installed files to '/home/omerb/garp7_ws/build/garp_tools/install.log'
[2.736s] Invoked command in '/home/omerb/garp7_ws/src/garp_tools' returned '0': DEBUGINFOD_URLS=https://debuginfod.ubuntu.com PS1=\[\e]0;\u@\h: \w\a\]${debian_chroot:+($debian_chroot)}\[\033[01;32m\]\u@\h\[\033[00m\]:\[\033[01;34m\]\w\[\033[00m\]\$ PYTHONPATH=/home/omerb/garp7_ws/build/garp_tools/prefix_override:/usr/lib/python3/dist-packages/colcon_core/task/python/colcon_distutils_commands:/home/omerb/garp7_ws/install/garp_tools/lib/python3.12/site-packages:${PYTHONPATH} VIRTUAL_ENV_PROMPT=(venv-ardupilot) /usr/bin/python3 -W ignore:setup.py install is deprecated -W ignore:easy_install command is deprecated setup.py egg_info --egg-base ../../build/garp_tools build --build-base /home/omerb/garp7_ws/build/garp_tools/build install --record /home/omerb/garp7_ws/build/garp_tools/install.log --single-version-externally-managed install_data
