[0.711s] Invoking command in '/home/omerb/garp7_ws/src/garp_tools': DEBUGINFOD_URLS=https://debuginfod.ubuntu.com PS1=\[\e]0;\u@\h: \w\a\]${debian_chroot:+($debian_chroot)}\[\033[01;32m\]\u@\h\[\033[00m\]:\[\033[01;34m\]\w\[\033[00m\]\$ PYTHONPATH=/home/omerb/garp7_ws/build/garp_tools/prefix_override:/usr/lib/python3/dist-packages/colcon_core/task/python/colcon_distutils_commands:/home/omerb/garp7_ws/install/garp_tools/lib/python3.12/site-packages:${PYTHONPATH} VIRTUAL_ENV_PROMPT=(venv-ardupilot) /usr/bin/python3 -W ignore:setup.py install is deprecated -W ignore:easy_install command is deprecated setup.py egg_info --egg-base ../../build/garp_tools build --build-base /home/omerb/garp7_ws/build/garp_tools/build install --record /home/omerb/garp7_ws/build/garp_tools/install.log --single-version-externally-managed install_data
[0.915s] running egg_info
[0.915s] creating ../../build/garp_tools/garp_tools.egg-info
[0.929s] writing ../../build/garp_tools/garp_tools.egg-info/PKG-INFO
[0.929s] writing dependency_links to ../../build/garp_tools/garp_tools.egg-info/dependency_links.txt
[0.929s] writing entry points to ../../build/garp_tools/garp_tools.egg-info/entry_points.txt
[0.929s] writing requirements to ../../build/garp_tools/garp_tools.egg-info/requires.txt
[0.929s] writing top-level names to ../../build/garp_tools/garp_tools.egg-info/top_level.txt
[0.929s] writing manifest file '../../build/garp_tools/garp_tools.egg-info/SOURCES.txt'
[0.953s] reading manifest file '../../build/garp_tools/garp_tools.egg-info/SOURCES.txt'
[0.953s] writing manifest file '../../build/garp_tools/garp_tools.egg-info/SOURCES.txt'
[0.953s] running build
[0.954s] running build_py
[0.954s] creating /home/omerb/garp7_ws/build/garp_tools/build
[0.954s] creating /home/omerb/garp7_ws/build/garp_tools/build/lib
[0.954s] creating /home/omerb/garp7_ws/build/garp_tools/build/lib/garp_tools
[0.954s] copying garp_tools/__init__.py -> /home/omerb/garp7_ws/build/garp_tools/build/lib/garp_tools
[0.954s] copying garp_tools/teleop_keyboard.py -> /home/omerb/garp7_ws/build/garp_tools/build/lib/garp_tools
[0.954s] copying garp_tools/odom_to_tf.py -> /home/omerb/garp7_ws/build/garp_tools/build/lib/garp_tools
[0.954s] running install
[0.958s] running install_lib
[0.969s] creating /home/omerb/garp7_ws/install/garp_tools/lib/python3.12/site-packages/garp_tools
[0.969s] copying /home/omerb/garp7_ws/build/garp_tools/build/lib/garp_tools/__init__.py -> /home/omerb/garp7_ws/install/garp_tools/lib/python3.12/site-packages/garp_tools
[0.969s] copying /home/omerb/garp7_ws/build/garp_tools/build/lib/garp_tools/teleop_keyboard.py -> /home/omerb/garp7_ws/install/garp_tools/lib/python3.12/site-packages/garp_tools
[0.969s] copying /home/omerb/garp7_ws/build/garp_tools/build/lib/garp_tools/odom_to_tf.py -> /home/omerb/garp7_ws/install/garp_tools/lib/python3.12/site-packages/garp_tools
[0.970s] byte-compiling /home/omerb/garp7_ws/install/garp_tools/lib/python3.12/site-packages/garp_tools/__init__.py to __init__.cpython-312.pyc
[0.970s] byte-compiling /home/omerb/garp7_ws/install/garp_tools/lib/python3.12/site-packages/garp_tools/teleop_keyboard.py to teleop_keyboard.cpython-312.pyc
[0.970s] byte-compiling /home/omerb/garp7_ws/install/garp_tools/lib/python3.12/site-packages/garp_tools/odom_to_tf.py to odom_to_tf.cpython-312.pyc
[0.971s] running install_data
[0.971s] creating /home/omerb/garp7_ws/install/garp_tools/share/ament_index
[0.971s] creating /home/omerb/garp7_ws/install/garp_tools/share/ament_index/resource_index
[0.971s] creating /home/omerb/garp7_ws/install/garp_tools/share/ament_index/resource_index/packages
[0.971s] copying resource/garp_tools -> /home/omerb/garp7_ws/install/garp_tools/share/ament_index/resource_index/packages
[0.971s] copying package.xml -> /home/omerb/garp7_ws/install/garp_tools/share/garp_tools
[0.971s] running install_egg_info
[0.983s] Copying ../../build/garp_tools/garp_tools.egg-info to /home/omerb/garp7_ws/install/garp_tools/lib/python3.12/site-packages/garp_tools-0.0.0-py3.12.egg-info
[0.983s] running install_scripts
[1.064s] Installing odom_to_tf script to /home/omerb/garp7_ws/install/garp_tools/lib/garp_tools
[1.064s] Installing teleop_keyboard script to /home/omerb/garp7_ws/install/garp_tools/lib/garp_tools
[1.064s] writing list of installed files to '/home/omerb/garp7_ws/build/garp_tools/install.log'
[1.078s] Invoked command in '/home/omerb/garp7_ws/src/garp_tools' returned '0': DEBUGINFOD_URLS=https://debuginfod.ubuntu.com PS1=\[\e]0;\u@\h: \w\a\]${debian_chroot:+($debian_chroot)}\[\033[01;32m\]\u@\h\[\033[00m\]:\[\033[01;34m\]\w\[\033[00m\]\$ PYTHONPATH=/home/omerb/garp7_ws/build/garp_tools/prefix_override:/usr/lib/python3/dist-packages/colcon_core/task/python/colcon_distutils_commands:/home/omerb/garp7_ws/install/garp_tools/lib/python3.12/site-packages:${PYTHONPATH} VIRTUAL_ENV_PROMPT=(venv-ardupilot) /usr/bin/python3 -W ignore:setup.py install is deprecated -W ignore:easy_install command is deprecated setup.py egg_info --egg-base ../../build/garp_tools build --build-base /home/omerb/garp7_ws/build/garp_tools/build install --record /home/omerb/garp7_ws/build/garp_tools/install.log --single-version-externally-managed install_data
