[0.010s] Invoking command in '/home/omerb/garp7_ws/build/garp_simulate': CMAKE_PREFIX_PATH=${CMAKE_PREFIX_PATH}:/opt/ros/jazzy DEBUGINFOD_URLS=https://debuginfod.ubuntu.com PS1=(venv-ardupilot) VIRTUAL_ENV_PROMPT=(venv-ardupilot) /usr/bin/cmake --build /home/omerb/garp7_ws/build/garp_simulate -- -j16 -l16
[0.051s] Invoked command in '/home/omerb/garp7_ws/build/garp_simulate' returned '0': CMAKE_PREFIX_PATH=${CMAKE_PREFIX_PATH}:/opt/ros/jazzy DEBUGINFOD_URLS=https://debuginfod.ubuntu.com PS1=(venv-ardupilot) VIRTUAL_ENV_PROMPT=(venv-ardupilot) /usr/bin/cmake --build /home/omerb/garp7_ws/build/garp_simulate -- -j16 -l16
[0.060s] Invoking command in '/home/omerb/garp7_ws/build/garp_simulate': CMAKE_PREFIX_PATH=${CMAKE_PREFIX_PATH}:/opt/ros/jazzy DEBUGINFOD_URLS=https://debuginfod.ubuntu.com PS1=(venv-ardupilot) VIRTUAL_ENV_PROMPT=(venv-ardupilot) /usr/bin/cmake --install /home/omerb/garp7_ws/build/garp_simulate
[0.068s] -- Install configuration: ""
[0.068s] -- Up-to-date: /home/omerb/garp7_ws/install/garp_simulate/share/garp_simulate//launch
[0.069s] -- Up-to-date: /home/omerb/garp7_ws/install/garp_simulate/share/garp_simulate//launch/my_world.launch.py
[0.069s] -- Up-to-date: /home/omerb/garp7_ws/install/garp_simulate/share/garp_simulate//config
[0.069s] -- Installing: /home/omerb/garp7_ws/install/garp_simulate/share/garp_simulate//config/gz_bridge.yaml
[0.069s] -- Up-to-date: /home/omerb/garp7_ws/install/garp_simulate/share/garp_simulate//worlds
[0.069s] -- Up-to-date: /home/omerb/garp7_ws/install/garp_simulate/share/garp_simulate//worlds/my_world.sdf
[0.069s] -- Up-to-date: /home/omerb/garp7_ws/install/garp_simulate/share/garp_simulate//models
[0.069s] -- Up-to-date: /home/omerb/garp7_ws/install/garp_simulate/share/garp_simulate//models/my_model
[0.069s] -- Up-to-date: /home/omerb/garp7_ws/install/garp_simulate/share/garp_simulate//models/my_model/model.sdf
[0.069s] -- Up-to-date: /home/omerb/garp7_ws/install/garp_simulate/share/garp_simulate//models/my_model/model.config
[0.069s] -- Up-to-date: /home/omerb/garp7_ws/install/garp_simulate/share/ament_index/resource_index/package_run_dependencies/garp_simulate
[0.069s] -- Up-to-date: /home/omerb/garp7_ws/install/garp_simulate/share/ament_index/resource_index/parent_prefix_path/garp_simulate
[0.069s] -- Up-to-date: /home/omerb/garp7_ws/install/garp_simulate/share/garp_simulate/environment/ament_prefix_path.sh
[0.069s] -- Up-to-date: /home/omerb/garp7_ws/install/garp_simulate/share/garp_simulate/environment/ament_prefix_path.dsv
[0.069s] -- Up-to-date: /home/omerb/garp7_ws/install/garp_simulate/share/garp_simulate/environment/path.sh
[0.069s] -- Up-to-date: /home/omerb/garp7_ws/install/garp_simulate/share/garp_simulate/environment/path.dsv
[0.069s] -- Up-to-date: /home/omerb/garp7_ws/install/garp_simulate/share/garp_simulate/local_setup.bash
[0.069s] -- Up-to-date: /home/omerb/garp7_ws/install/garp_simulate/share/garp_simulate/local_setup.sh
[0.070s] -- Up-to-date: /home/omerb/garp7_ws/install/garp_simulate/share/garp_simulate/local_setup.zsh
[0.070s] -- Up-to-date: /home/omerb/garp7_ws/install/garp_simulate/share/garp_simulate/local_setup.dsv
[0.070s] -- Installing: /home/omerb/garp7_ws/install/garp_simulate/share/garp_simulate/package.dsv
[0.070s] -- Up-to-date: /home/omerb/garp7_ws/install/garp_simulate/share/ament_index/resource_index/packages/garp_simulate
[0.070s] -- Up-to-date: /home/omerb/garp7_ws/install/garp_simulate/share/garp_simulate/cmake/garp_simulateConfig.cmake
[0.070s] -- Up-to-date: /home/omerb/garp7_ws/install/garp_simulate/share/garp_simulate/cmake/garp_simulateConfig-version.cmake
[0.070s] -- Up-to-date: /home/omerb/garp7_ws/install/garp_simulate/share/garp_simulate/package.xml
[0.070s] Invoked command in '/home/omerb/garp7_ws/build/garp_simulate' returned '0': CMAKE_PREFIX_PATH=${CMAKE_PREFIX_PATH}:/opt/ros/jazzy DEBUGINFOD_URLS=https://debuginfod.ubuntu.com PS1=(venv-ardupilot) VIRTUAL_ENV_PROMPT=(venv-ardupilot) /usr/bin/cmake --install /home/omerb/garp7_ws/build/garp_simulate
