-- Install configuration: ""
-- Up-to-date: /home/omerb/garp7_ws/install/garp_description/share/garp_description/launch
-- Up-to-date: /home/omerb/garp7_ws/install/garp_description/share/garp_description/launch/display.launch.py
-- Up-to-date: /home/omerb/garp7_ws/install/garp_description/share/garp_description/urdf
-- Up-to-date: /home/omerb/garp7_ws/install/garp_description/share/garp_description/urdf/main.urdf.xacro
-- Up-to-date: /home/omerb/garp7_ws/install/garp_description/share/garp_description/urdf/sensor_extensions.urdf.xacro
-- Up-to-date: /home/omerb/garp7_ws/install/garp_description/share/garp_description/urdf/wheels.urdf.xacro
-- Up-to-date: /home/omerb/garp7_ws/install/garp_description/share/garp_description/config
-- Up-to-date: /home/omerb/garp7_ws/install/garp_description/share/garp_description/config/gz_bridge.yaml
-- Up-to-date: /home/omerb/garp7_ws/install/garp_description/share/garp_description/config/teleop_keyboard.py
-- Up-to-date: /home/omerb/garp7_ws/install/garp_description/share/garp_description/config/g_plugins.urdf.xacro
-- Up-to-date: /home/omerb/garp7_ws/install/garp_description/share/ament_index/resource_index/package_run_dependencies/garp_description
-- Up-to-date: /home/omerb/garp7_ws/install/garp_description/share/ament_index/resource_index/parent_prefix_path/garp_description
-- Up-to-date: /home/omerb/garp7_ws/install/garp_description/share/garp_description/environment/ament_prefix_path.sh
-- Up-to-date: /home/omerb/garp7_ws/install/garp_description/share/garp_description/environment/ament_prefix_path.dsv
-- Up-to-date: /home/omerb/garp7_ws/install/garp_description/share/garp_description/environment/path.sh
-- Up-to-date: /home/omerb/garp7_ws/install/garp_description/share/garp_description/environment/path.dsv
-- Up-to-date: /home/omerb/garp7_ws/install/garp_description/share/garp_description/local_setup.bash
-- Up-to-date: /home/omerb/garp7_ws/install/garp_description/share/garp_description/local_setup.sh
-- Up-to-date: /home/omerb/garp7_ws/install/garp_description/share/garp_description/local_setup.zsh
-- Up-to-date: /home/omerb/garp7_ws/install/garp_description/share/garp_description/local_setup.dsv
-- Up-to-date: /home/omerb/garp7_ws/install/garp_description/share/garp_description/package.dsv
-- Up-to-date: /home/omerb/garp7_ws/install/garp_description/share/ament_index/resource_index/packages/garp_description
-- Up-to-date: /home/omerb/garp7_ws/install/garp_description/share/garp_description/cmake/garp_descriptionConfig.cmake
-- Up-to-date: /home/omerb/garp7_ws/install/garp_description/share/garp_description/cmake/garp_descriptionConfig-version.cmake
-- Up-to-date: /home/omerb/garp7_ws/install/garp_description/share/garp_description/package.xml
