[0.022s] Invoking command in '/home/omerb/garp11_ws/build/garp_description': CMAKE_PREFIX_PATH=${CMAKE_PREFIX_PATH}:/home/omerb/garp10_ws/install/garp_tools:/home/omerb/garp9_ws/install/garp_tools:/home/omerb/garp7_ws/install/garp_tools:/opt/ros/jazzy DEBUGINFOD_URLS=https://debuginfod.ubuntu.com PS1=\[\e]0;\u@\h: \w\a\]${debian_chroot:+($debian_chroot)}\[\033[01;32m\]\u@\h\[\033[00m\]:\[\033[01;34m\]\w\[\033[00m\]\$ VIRTUAL_ENV_PROMPT=(venv-ardupilot) /usr/bin/cmake /home/omerb/garp11_ws/src/garp_description -DCMAKE_INSTALL_PREFIX=/home/omerb/garp11_ws/install/garp_description
[0.148s] -- The C compiler identification is GNU 13.3.0
[0.237s] -- The CXX compiler identification is GNU 13.3.0
[0.270s] -- Detecting C compiler ABI info
[0.407s] -- Detecting C compiler ABI info - done
[0.419s] -- Check for working C compiler: /usr/lib/ccache/cc - skipped
[0.420s] -- Detecting C compile features
[0.421s] -- Detecting C compile features - done
[0.435s] -- Detecting CXX compiler ABI info
[0.550s] -- Detecting CXX compiler ABI info - done
[0.562s] -- Check for working CXX compiler: /usr/lib/ccache/c++ - skipped
[0.562s] -- Detecting CXX compile features
[0.563s] -- Detecting CXX compile features - done
[0.567s] -- Found ament_cmake: 2.5.4 (/opt/ros/jazzy/share/ament_cmake/cmake)
[0.750s] -- Found Python3: /home/omerb/venv-ardupilot/bin/python3 (found version "3.12.3") found components: Interpreter 
[0.904s] -- Found ament_lint_auto: 0.17.3 (/opt/ros/jazzy/share/ament_lint_auto/cmake)
[1.055s] -- Added test 'flake8' to check Python code syntax and style conventions
[1.055s] -- Configured 'flake8' exclude dirs and/or files: 
[1.057s] -- Added test 'lint_cmake' to check CMake code style
[1.058s] -- Added test 'pep257' to check Python code against some of the docstring style conventions in PEP 257
[1.059s] -- Added test 'xmllint' to check XML markup files
[1.061s] -- Configuring done (1.0s)
[1.064s] -- Generating done (0.0s)
[1.066s] -- Build files have been written to: /home/omerb/garp11_ws/build/garp_description
[1.073s] Invoked command in '/home/omerb/garp11_ws/build/garp_description' returned '0': CMAKE_PREFIX_PATH=${CMAKE_PREFIX_PATH}:/home/omerb/garp10_ws/install/garp_tools:/home/omerb/garp9_ws/install/garp_tools:/home/omerb/garp7_ws/install/garp_tools:/opt/ros/jazzy DEBUGINFOD_URLS=https://debuginfod.ubuntu.com PS1=\[\e]0;\u@\h: \w\a\]${debian_chroot:+($debian_chroot)}\[\033[01;32m\]\u@\h\[\033[00m\]:\[\033[01;34m\]\w\[\033[00m\]\$ VIRTUAL_ENV_PROMPT=(venv-ardupilot) /usr/bin/cmake /home/omerb/garp11_ws/src/garp_description -DCMAKE_INSTALL_PREFIX=/home/omerb/garp11_ws/install/garp_description
[1.074s] Invoking command in '/home/omerb/garp11_ws/build/garp_description': CMAKE_PREFIX_PATH=${CMAKE_PREFIX_PATH}:/home/omerb/garp10_ws/install/garp_tools:/home/omerb/garp9_ws/install/garp_tools:/home/omerb/garp7_ws/install/garp_tools:/opt/ros/jazzy DEBUGINFOD_URLS=https://debuginfod.ubuntu.com PS1=\[\e]0;\u@\h: \w\a\]${debian_chroot:+($debian_chroot)}\[\033[01;32m\]\u@\h\[\033[00m\]:\[\033[01;34m\]\w\[\033[00m\]\$ VIRTUAL_ENV_PROMPT=(venv-ardupilot) /usr/bin/cmake --build /home/omerb/garp11_ws/build/garp_description -- -j16 -l16
[1.134s] Invoked command in '/home/omerb/garp11_ws/build/garp_description' returned '0': CMAKE_PREFIX_PATH=${CMAKE_PREFIX_PATH}:/home/omerb/garp10_ws/install/garp_tools:/home/omerb/garp9_ws/install/garp_tools:/home/omerb/garp7_ws/install/garp_tools:/opt/ros/jazzy DEBUGINFOD_URLS=https://debuginfod.ubuntu.com PS1=\[\e]0;\u@\h: \w\a\]${debian_chroot:+($debian_chroot)}\[\033[01;32m\]\u@\h\[\033[00m\]:\[\033[01;34m\]\w\[\033[00m\]\$ VIRTUAL_ENV_PROMPT=(venv-ardupilot) /usr/bin/cmake --build /home/omerb/garp11_ws/build/garp_description -- -j16 -l16
[1.136s] Invoking command in '/home/omerb/garp11_ws/build/garp_description': CMAKE_PREFIX_PATH=${CMAKE_PREFIX_PATH}:/home/omerb/garp10_ws/install/garp_tools:/home/omerb/garp9_ws/install/garp_tools:/home/omerb/garp7_ws/install/garp_tools:/opt/ros/jazzy DEBUGINFOD_URLS=https://debuginfod.ubuntu.com PS1=\[\e]0;\u@\h: \w\a\]${debian_chroot:+($debian_chroot)}\[\033[01;32m\]\u@\h\[\033[00m\]:\[\033[01;34m\]\w\[\033[00m\]\$ VIRTUAL_ENV_PROMPT=(venv-ardupilot) /usr/bin/cmake --install /home/omerb/garp11_ws/build/garp_description
[1.147s] -- Install configuration: ""
[1.148s] -- Installing: /home/omerb/garp11_ws/install/garp_description/share/garp_description/launch
[1.148s] -- Installing: /home/omerb/garp11_ws/install/garp_description/share/garp_description/launch/display.launch.py
[1.148s] -- Installing: /home/omerb/garp11_ws/install/garp_description/share/garp_description/urdf
[1.148s] -- Installing: /home/omerb/garp11_ws/install/garp_description/share/garp_description/urdf/main.urdf.xacro
[1.149s] -- Installing: /home/omerb/garp11_ws/install/garp_description/share/garp_description/urdf/sensor_extensions.urdf.xacro
[1.149s] -- Installing: /home/omerb/garp11_ws/install/garp_description/share/garp_description/urdf/wheels.urdf.xacro
[1.149s] -- Installing: /home/omerb/garp11_ws/install/garp_description/share/garp_description/config
[1.149s] -- Installing: /home/omerb/garp11_ws/install/garp_description/share/garp_description/config/gz_bridge.yaml
[1.149s] -- Installing: /home/omerb/garp11_ws/install/garp_description/share/garp_description/config/teleop_keyboard.py
[1.149s] -- Installing: /home/omerb/garp11_ws/install/garp_description/share/garp_description/config/g_plugins.urdf.xacro
[1.149s] -- Installing: /home/omerb/garp11_ws/install/garp_description/share/ament_index/resource_index/package_run_dependencies/garp_description
[1.149s] -- Installing: /home/omerb/garp11_ws/install/garp_description/share/ament_index/resource_index/parent_prefix_path/garp_description
[1.149s] -- Installing: /home/omerb/garp11_ws/install/garp_description/share/garp_description/environment/ament_prefix_path.sh
[1.149s] -- Installing: /home/omerb/garp11_ws/install/garp_description/share/garp_description/environment/ament_prefix_path.dsv
[1.149s] -- Installing: /home/omerb/garp11_ws/install/garp_description/share/garp_description/environment/path.sh
[1.149s] -- Installing: /home/omerb/garp11_ws/install/garp_description/share/garp_description/environment/path.dsv
[1.149s] -- Installing: /home/omerb/garp11_ws/install/garp_description/share/garp_description/local_setup.bash
[1.149s] -- Installing: /home/omerb/garp11_ws/install/garp_description/share/garp_description/local_setup.sh
[1.150s] -- Installing: /home/omerb/garp11_ws/install/garp_description/share/garp_description/local_setup.zsh
[1.150s] -- Installing: /home/omerb/garp11_ws/install/garp_description/share/garp_description/local_setup.dsv
[1.150s] -- Installing: /home/omerb/garp11_ws/install/garp_description/share/garp_description/package.dsv
[1.150s] -- Installing: /home/omerb/garp11_ws/install/garp_description/share/ament_index/resource_index/packages/garp_description
[1.150s] -- Installing: /home/omerb/garp11_ws/install/garp_description/share/garp_description/cmake/garp_descriptionConfig.cmake
[1.150s] -- Installing: /home/omerb/garp11_ws/install/garp_description/share/garp_description/cmake/garp_descriptionConfig-version.cmake
[1.150s] -- Installing: /home/omerb/garp11_ws/install/garp_description/share/garp_description/package.xml
[1.165s] Invoked command in '/home/omerb/garp11_ws/build/garp_description' returned '0': CMAKE_PREFIX_PATH=${CMAKE_PREFIX_PATH}:/home/omerb/garp10_ws/install/garp_tools:/home/omerb/garp9_ws/install/garp_tools:/home/omerb/garp7_ws/install/garp_tools:/opt/ros/jazzy DEBUGINFOD_URLS=https://debuginfod.ubuntu.com PS1=\[\e]0;\u@\h: \w\a\]${debian_chroot:+($debian_chroot)}\[\033[01;32m\]\u@\h\[\033[00m\]:\[\033[01;34m\]\w\[\033[00m\]\$ VIRTUAL_ENV_PROMPT=(venv-ardupilot) /usr/bin/cmake --install /home/omerb/garp11_ws/build/garp_description
