[0.020s] Invoking command in '/home/omerb/garp7_ws/build/garp_simulate': CMAKE_PREFIX_PATH=${CMAKE_PREFIX_PATH}:/home/omerb/garp7_ws/install/garp_tools:/opt/ros/jazzy DEBUGINFOD_URLS=https://debuginfod.ubuntu.com PS1=\[\e]0;\u@\h: \w\a\]${debian_chroot:+($debian_chroot)}\[\033[01;32m\]\u@\h\[\033[00m\]:\[\033[01;34m\]\w\[\033[00m\]\$ VIRTUAL_ENV_PROMPT=(venv-ardupilot) /usr/bin/cmake --build /home/omerb/garp7_ws/build/garp_simulate -- -j16 -l16
[0.191s] Invoked command in '/home/omerb/garp7_ws/build/garp_simulate' returned '0': CMAKE_PREFIX_PATH=${CMAKE_PREFIX_PATH}:/home/omerb/garp7_ws/install/garp_tools:/opt/ros/jazzy DEBUGINFOD_URLS=https://debuginfod.ubuntu.com PS1=\[\e]0;\u@\h: \w\a\]${debian_chroot:+($debian_chroot)}\[\033[01;32m\]\u@\h\[\033[00m\]:\[\033[01;34m\]\w\[\033[00m\]\$ VIRTUAL_ENV_PROMPT=(venv-ardupilot) /usr/bin/cmake --build /home/omerb/garp7_ws/build/garp_simulate -- -j16 -l16
[0.203s] Invoking command in '/home/omerb/garp7_ws/build/garp_simulate': CMAKE_PREFIX_PATH=${CMAKE_PREFIX_PATH}:/home/omerb/garp7_ws/install/garp_tools:/opt/ros/jazzy DEBUGINFOD_URLS=https://debuginfod.ubuntu.com PS1=\[\e]0;\u@\h: \w\a\]${debian_chroot:+($debian_chroot)}\[\033[01;32m\]\u@\h\[\033[00m\]:\[\033[01;34m\]\w\[\033[00m\]\$ VIRTUAL_ENV_PROMPT=(venv-ardupilot) /usr/bin/cmake --install /home/omerb/garp7_ws/build/garp_simulate
[0.214s] -- Install configuration: ""
[0.214s] -- Up-to-date: /home/omerb/garp7_ws/install/garp_simulate/share/garp_simulate//launch
[0.214s] -- Installing: /home/omerb/garp7_ws/install/garp_simulate/share/garp_simulate//launch/my_world.launch.py
[0.214s] -- Up-to-date: /home/omerb/garp7_ws/install/garp_simulate/share/garp_simulate//config
[0.214s] -- Up-to-date: /home/omerb/garp7_ws/install/garp_simulate/share/garp_simulate//config/gz_bridge.yaml
[0.214s] -- Up-to-date: /home/omerb/garp7_ws/install/garp_simulate/share/garp_simulate//worlds
[0.215s] -- Up-to-date: /home/omerb/garp7_ws/install/garp_simulate/share/garp_simulate//worlds/my_world.sdf
[0.215s] -- Up-to-date: /home/omerb/garp7_ws/install/garp_simulate/share/garp_simulate//worlds/in_my_house.sdf
[0.216s] -- Up-to-date: /home/omerb/garp7_ws/install/garp_simulate/share/garp_simulate//models
[0.216s] -- Up-to-date: /home/omerb/garp7_ws/install/garp_simulate/share/garp_simulate//models/my_house
[0.216s] -- Up-to-date: /home/omerb/garp7_ws/install/garp_simulate/share/garp_simulate//models/my_house/model.sdf
[0.216s] -- Up-to-date: /home/omerb/garp7_ws/install/garp_simulate/share/garp_simulate//models/my_house/model.config
[0.217s] -- Up-to-date: /home/omerb/garp7_ws/install/garp_simulate/share/garp_simulate//models/my_model
[0.217s] -- Up-to-date: /home/omerb/garp7_ws/install/garp_simulate/share/garp_simulate//models/my_model/model.sdf
[0.218s] -- Up-to-date: /home/omerb/garp7_ws/install/garp_simulate/share/garp_simulate//models/my_model/model.config
[0.218s] -- Up-to-date: /home/omerb/garp7_ws/install/garp_simulate/share/ament_index/resource_index/package_run_dependencies/garp_simulate
[0.218s] -- Up-to-date: /home/omerb/garp7_ws/install/garp_simulate/share/ament_index/resource_index/parent_prefix_path/garp_simulate
[0.219s] -- Up-to-date: /home/omerb/garp7_ws/install/garp_simulate/share/garp_simulate/environment/ament_prefix_path.sh
[0.219s] -- Up-to-date: /home/omerb/garp7_ws/install/garp_simulate/share/garp_simulate/environment/ament_prefix_path.dsv
[0.219s] -- Up-to-date: /home/omerb/garp7_ws/install/garp_simulate/share/garp_simulate/environment/path.sh
[0.220s] -- Up-to-date: /home/omerb/garp7_ws/install/garp_simulate/share/garp_simulate/environment/path.dsv
[0.220s] -- Up-to-date: /home/omerb/garp7_ws/install/garp_simulate/share/garp_simulate/local_setup.bash
[0.220s] -- Up-to-date: /home/omerb/garp7_ws/install/garp_simulate/share/garp_simulate/local_setup.sh
[0.220s] -- Up-to-date: /home/omerb/garp7_ws/install/garp_simulate/share/garp_simulate/local_setup.zsh
[0.223s] -- Up-to-date: /home/omerb/garp7_ws/install/garp_simulate/share/garp_simulate/local_setup.dsv
[0.223s] -- Installing: /home/omerb/garp7_ws/install/garp_simulate/share/garp_simulate/package.dsv
[0.224s] -- Up-to-date: /home/omerb/garp7_ws/install/garp_simulate/share/ament_index/resource_index/packages/garp_simulate
[0.227s] -- Up-to-date: /home/omerb/garp7_ws/install/garp_simulate/share/garp_simulate/cmake/garp_simulateConfig.cmake
[0.227s] -- Up-to-date: /home/omerb/garp7_ws/install/garp_simulate/share/garp_simulate/cmake/garp_simulateConfig-version.cmake
[0.228s] -- Up-to-date: /home/omerb/garp7_ws/install/garp_simulate/share/garp_simulate/package.xml
[0.229s] Invoked command in '/home/omerb/garp7_ws/build/garp_simulate' returned '0': CMAKE_PREFIX_PATH=${CMAKE_PREFIX_PATH}:/home/omerb/garp7_ws/install/garp_tools:/opt/ros/jazzy DEBUGINFOD_URLS=https://debuginfod.ubuntu.com PS1=\[\e]0;\u@\h: \w\a\]${debian_chroot:+($debian_chroot)}\[\033[01;32m\]\u@\h\[\033[00m\]:\[\033[01;34m\]\w\[\033[00m\]\$ VIRTUAL_ENV_PROMPT=(venv-ardupilot) /usr/bin/cmake --install /home/omerb/garp7_ws/build/garp_simulate
