/home/omerb/garp11_ws/install/garp_tools/lib/python3.12/site-packages/garp_tools/__init__.py
/home/omerb/garp11_ws/install/garp_tools/lib/python3.12/site-packages/garp_tools/teleop_keyboard.py
/home/omerb/garp11_ws/install/garp_tools/lib/python3.12/site-packages/garp_tools/odom_to_tf.py
/home/omerb/garp11_ws/install/garp_tools/lib/python3.12/site-packages/garp_tools/waypoint_navigator.py
/home/omerb/garp11_ws/install/garp_tools/lib/python3.12/site-packages/garp_tools/__pycache__/__init__.cpython-312.pyc
/home/omerb/garp11_ws/install/garp_tools/lib/python3.12/site-packages/garp_tools/__pycache__/teleop_keyboard.cpython-312.pyc
/home/omerb/garp11_ws/install/garp_tools/lib/python3.12/site-packages/garp_tools/__pycache__/odom_to_tf.cpython-312.pyc
/home/omerb/garp11_ws/install/garp_tools/lib/python3.12/site-packages/garp_tools/__pycache__/waypoint_navigator.cpython-312.pyc
/home/omerb/garp11_ws/install/garp_tools/share/ament_index/resource_index/packages/garp_tools
/home/omerb/garp11_ws/install/garp_tools/share/garp_tools/package.xml
/home/omerb/garp11_ws/install/garp_tools/lib/python3.12/site-packages/garp_tools-0.0.0-py3.12.egg-info/SOURCES.txt
/home/omerb/garp11_ws/install/garp_tools/lib/python3.12/site-packages/garp_tools-0.0.0-py3.12.egg-info/top_level.txt
/home/omerb/garp11_ws/install/garp_tools/lib/python3.12/site-packages/garp_tools-0.0.0-py3.12.egg-info/zip-safe
/home/omerb/garp11_ws/install/garp_tools/lib/python3.12/site-packages/garp_tools-0.0.0-py3.12.egg-info/dependency_links.txt
/home/omerb/garp11_ws/install/garp_tools/lib/python3.12/site-packages/garp_tools-0.0.0-py3.12.egg-info/PKG-INFO
/home/omerb/garp11_ws/install/garp_tools/lib/python3.12/site-packages/garp_tools-0.0.0-py3.12.egg-info/requires.txt
/home/omerb/garp11_ws/install/garp_tools/lib/python3.12/site-packages/garp_tools-0.0.0-py3.12.egg-info/entry_points.txt
/home/omerb/garp11_ws/install/garp_tools/lib/garp_tools/odom_to_tf
/home/omerb/garp11_ws/install/garp_tools/lib/garp_tools/teleop_keyboard
/home/omerb/garp11_ws/install/garp_tools/lib/garp_tools/waypoint_navigator
