[0.189s] DEBUG:colcon:Command line arguments: ['/usr/bin/colcon', 'build']
[0.189s] DEBUG:colcon:Parsed command line arguments: Namespace(log_base=None, log_level=None, verb_name='build', build_base='build', install_base='install', merge_install=False, symlink_install=False, test_result_base=None, continue_on_error=False, executor='parallel', parallel_workers=16, event_handlers=None, ignore_user_meta=False, metas=['./colcon.meta'], base_paths=['.'], packages_ignore=None, packages_ignore_regex=None, paths=None, packages_up_to=None, packages_up_to_regex=None, packages_above=None, packages_above_and_dependencies=None, packages_above_depth=None, packages_select_by_dep=None, packages_skip_by_dep=None, packages_skip_up_to=None, packages_select_build_failed=False, packages_skip_build_finished=False, packages_select_test_failures=False, packages_skip_test_passed=False, packages_select=None, packages_skip=None, packages_select_regex=None, packages_skip_regex=None, packages_start=None, packages_end=None, allow_overriding=[], cmake_args=None, cmake_target=None, cmake_target_skip_unavailable=False, cmake_clean_cache=False, cmake_clean_first=False, cmake_force_configure=False, ament_cmake_args=None, catkin_cmake_args=None, catkin_skip_building_tests=False, mixin_files=None, mixin=None, verb_parser=<colcon_mixin.mixin.mixin_argument.MixinArgumentDecorator object at 0x7debe249d040>, verb_extension=<colcon_core.verb.build.BuildVerb object at 0x7debe31af740>, main=<bound method BuildVerb.main of <colcon_core.verb.build.BuildVerb object at 0x7debe31af740>>, mixin_verb=('build',))
[0.257s] Level 1:colcon.colcon_core.package_discovery:discover_packages(colcon_meta) check parameters
[0.258s] Level 1:colcon.colcon_core.package_discovery:discover_packages(recursive) check parameters
[0.258s] Level 1:colcon.colcon_core.package_discovery:discover_packages(ignore) check parameters
[0.258s] Level 1:colcon.colcon_core.package_discovery:discover_packages(path) check parameters
[0.258s] Level 1:colcon.colcon_core.package_discovery:discover_packages(colcon_meta) discover
[0.258s] Level 1:colcon.colcon_core.package_discovery:discover_packages(recursive) discover
[0.258s] INFO:colcon.colcon_core.package_discovery:Crawling recursively for packages in '/home/omerb/garp7_ws'
[0.258s] Level 1:colcon.colcon_core.package_identification:_identify(.) by extensions ['ignore', 'ignore_ament_install']
[0.258s] Level 1:colcon.colcon_core.package_identification:_identify(.) by extension 'ignore'
[0.258s] Level 1:colcon.colcon_core.package_identification:_identify(.) by extension 'ignore_ament_install'
[0.258s] Level 1:colcon.colcon_core.package_identification:_identify(.) by extensions ['colcon_pkg']
[0.258s] Level 1:colcon.colcon_core.package_identification:_identify(.) by extension 'colcon_pkg'
[0.259s] Level 1:colcon.colcon_core.package_identification:_identify(.) by extensions ['colcon_meta']
[0.259s] Level 1:colcon.colcon_core.package_identification:_identify(.) by extension 'colcon_meta'
[0.259s] Level 1:colcon.colcon_core.package_identification:_identify(.) by extensions ['ros']
[0.259s] Level 1:colcon.colcon_core.package_identification:_identify(.) by extension 'ros'
[0.309s] Level 1:colcon.colcon_core.package_identification:_identify(.) by extensions ['cmake', 'python']
[0.309s] Level 1:colcon.colcon_core.package_identification:_identify(.) by extension 'cmake'
[0.310s] Level 1:colcon.colcon_core.package_identification:_identify(.) by extension 'python'
[0.310s] Level 1:colcon.colcon_core.package_identification:_identify(.) by extensions ['python_setup_py']
[0.310s] Level 1:colcon.colcon_core.package_identification:_identify(.) by extension 'python_setup_py'
[0.310s] Level 1:colcon.colcon_core.package_identification:_identify(build) by extensions ['ignore', 'ignore_ament_install']
[0.310s] Level 1:colcon.colcon_core.package_identification:_identify(build) by extension 'ignore'
[0.310s] Level 1:colcon.colcon_core.package_identification:_identify(build) ignored
[0.311s] Level 1:colcon.colcon_core.package_identification:_identify(install) by extensions ['ignore', 'ignore_ament_install']
[0.311s] Level 1:colcon.colcon_core.package_identification:_identify(install) by extension 'ignore'
[0.311s] Level 1:colcon.colcon_core.package_identification:_identify(install) ignored
[0.311s] Level 1:colcon.colcon_core.package_identification:_identify(log) by extensions ['ignore', 'ignore_ament_install']
[0.311s] Level 1:colcon.colcon_core.package_identification:_identify(log) by extension 'ignore'
[0.311s] Level 1:colcon.colcon_core.package_identification:_identify(log) ignored
[0.311s] Level 1:colcon.colcon_core.package_identification:_identify(src) by extensions ['ignore', 'ignore_ament_install']
[0.312s] Level 1:colcon.colcon_core.package_identification:_identify(src) by extension 'ignore'
[0.312s] Level 1:colcon.colcon_core.package_identification:_identify(src) by extension 'ignore_ament_install'
[0.312s] Level 1:colcon.colcon_core.package_identification:_identify(src) by extensions ['colcon_pkg']
[0.312s] Level 1:colcon.colcon_core.package_identification:_identify(src) by extension 'colcon_pkg'
[0.312s] Level 1:colcon.colcon_core.package_identification:_identify(src) by extensions ['colcon_meta']
[0.312s] Level 1:colcon.colcon_core.package_identification:_identify(src) by extension 'colcon_meta'
[0.312s] Level 1:colcon.colcon_core.package_identification:_identify(src) by extensions ['ros']
[0.312s] Level 1:colcon.colcon_core.package_identification:_identify(src) by extension 'ros'
[0.312s] Level 1:colcon.colcon_core.package_identification:_identify(src) by extensions ['cmake', 'python']
[0.312s] Level 1:colcon.colcon_core.package_identification:_identify(src) by extension 'cmake'
[0.312s] Level 1:colcon.colcon_core.package_identification:_identify(src) by extension 'python'
[0.312s] Level 1:colcon.colcon_core.package_identification:_identify(src) by extensions ['python_setup_py']
[0.312s] Level 1:colcon.colcon_core.package_identification:_identify(src) by extension 'python_setup_py'
[0.313s] Level 1:colcon.colcon_core.package_identification:_identify(src/garp_description) by extensions ['ignore', 'ignore_ament_install']
[0.313s] Level 1:colcon.colcon_core.package_identification:_identify(src/garp_description) by extension 'ignore'
[0.313s] Level 1:colcon.colcon_core.package_identification:_identify(src/garp_description) by extension 'ignore_ament_install'
[0.313s] Level 1:colcon.colcon_core.package_identification:_identify(src/garp_description) by extensions ['colcon_pkg']
[0.313s] Level 1:colcon.colcon_core.package_identification:_identify(src/garp_description) by extension 'colcon_pkg'
[0.313s] Level 1:colcon.colcon_core.package_identification:_identify(src/garp_description) by extensions ['colcon_meta']
[0.313s] Level 1:colcon.colcon_core.package_identification:_identify(src/garp_description) by extension 'colcon_meta'
[0.313s] Level 1:colcon.colcon_core.package_identification:_identify(src/garp_description) by extensions ['ros']
[0.314s] Level 1:colcon.colcon_core.package_identification:_identify(src/garp_description) by extension 'ros'
[0.319s] DEBUG:colcon.colcon_core.package_identification:Package 'src/garp_description' with type 'ros.ament_cmake' and name 'garp_description'
[0.319s] Level 1:colcon.colcon_core.package_identification:_identify(src/garp_simulate) by extensions ['ignore', 'ignore_ament_install']
[0.319s] Level 1:colcon.colcon_core.package_identification:_identify(src/garp_simulate) by extension 'ignore'
[0.319s] Level 1:colcon.colcon_core.package_identification:_identify(src/garp_simulate) by extension 'ignore_ament_install'
[0.319s] Level 1:colcon.colcon_core.package_identification:_identify(src/garp_simulate) by extensions ['colcon_pkg']
[0.319s] Level 1:colcon.colcon_core.package_identification:_identify(src/garp_simulate) by extension 'colcon_pkg'
[0.319s] Level 1:colcon.colcon_core.package_identification:_identify(src/garp_simulate) by extensions ['colcon_meta']
[0.319s] Level 1:colcon.colcon_core.package_identification:_identify(src/garp_simulate) by extension 'colcon_meta'
[0.319s] Level 1:colcon.colcon_core.package_identification:_identify(src/garp_simulate) by extensions ['ros']
[0.319s] Level 1:colcon.colcon_core.package_identification:_identify(src/garp_simulate) by extension 'ros'
[0.320s] DEBUG:colcon.colcon_core.package_identification:Package 'src/garp_simulate' with type 'ros.ament_cmake' and name 'garp_simulate'
[0.320s] Level 1:colcon.colcon_core.package_identification:_identify(src/garp_tools) by extensions ['ignore', 'ignore_ament_install']
[0.320s] Level 1:colcon.colcon_core.package_identification:_identify(src/garp_tools) by extension 'ignore'
[0.321s] Level 1:colcon.colcon_core.package_identification:_identify(src/garp_tools) by extension 'ignore_ament_install'
[0.321s] Level 1:colcon.colcon_core.package_identification:_identify(src/garp_tools) by extensions ['colcon_pkg']
[0.321s] Level 1:colcon.colcon_core.package_identification:_identify(src/garp_tools) by extension 'colcon_pkg'
[0.321s] Level 1:colcon.colcon_core.package_identification:_identify(src/garp_tools) by extensions ['colcon_meta']
[0.321s] Level 1:colcon.colcon_core.package_identification:_identify(src/garp_tools) by extension 'colcon_meta'
[0.321s] Level 1:colcon.colcon_core.package_identification:_identify(src/garp_tools) by extensions ['ros']
[0.321s] Level 1:colcon.colcon_core.package_identification:_identify(src/garp_tools) by extension 'ros'
[0.323s] DEBUG:colcon.colcon_core.package_identification:Package 'src/garp_tools' with type 'ros.ament_python' and name 'garp_tools'
[0.323s] Level 1:colcon.colcon_core.package_discovery:discover_packages(recursive) using defaults
[0.323s] Level 1:colcon.colcon_core.package_discovery:discover_packages(ignore) discover
[0.323s] Level 1:colcon.colcon_core.package_discovery:discover_packages(ignore) using defaults
[0.323s] Level 1:colcon.colcon_core.package_discovery:discover_packages(path) discover
[0.323s] Level 1:colcon.colcon_core.package_discovery:discover_packages(path) using defaults
[0.357s] Level 1:colcon.colcon_core.package_discovery:discover_packages(prefix_path) check parameters
[0.357s] Level 1:colcon.colcon_core.package_discovery:discover_packages(prefix_path) discover
[0.360s] DEBUG:colcon.colcon_installed_package_information.package_discovery:Found 3 installed packages in /home/omerb/garp7_ws/install
[0.360s] DEBUG:colcon.colcon_installed_package_information.package_discovery:Found 1 installed packages in /home/omerb/ardupilot_gazebo/install
[0.363s] DEBUG:colcon.colcon_installed_package_information.package_discovery:Found 387 installed packages in /opt/ros/jazzy
[0.367s] Level 1:colcon.colcon_core.package_discovery:discover_packages(prefix_path) using defaults
[0.456s] Level 5:colcon.colcon_core.verb:set package 'garp_description' build argument 'cmake_args' from command line to 'None'
[0.456s] Level 5:colcon.colcon_core.verb:set package 'garp_description' build argument 'cmake_target' from command line to 'None'
[0.456s] Level 5:colcon.colcon_core.verb:set package 'garp_description' build argument 'cmake_target_skip_unavailable' from command line to 'False'
[0.456s] Level 5:colcon.colcon_core.verb:set package 'garp_description' build argument 'cmake_clean_cache' from command line to 'False'
[0.456s] Level 5:colcon.colcon_core.verb:set package 'garp_description' build argument 'cmake_clean_first' from command line to 'False'
[0.456s] Level 5:colcon.colcon_core.verb:set package 'garp_description' build argument 'cmake_force_configure' from command line to 'False'
[0.456s] Level 5:colcon.colcon_core.verb:set package 'garp_description' build argument 'ament_cmake_args' from command line to 'None'
[0.456s] Level 5:colcon.colcon_core.verb:set package 'garp_description' build argument 'catkin_cmake_args' from command line to 'None'
[0.456s] Level 5:colcon.colcon_core.verb:set package 'garp_description' build argument 'catkin_skip_building_tests' from command line to 'False'
[0.456s] DEBUG:colcon.colcon_core.verb:Building package 'garp_description' with the following arguments: {'ament_cmake_args': None, 'build_base': '/home/omerb/garp7_ws/build/garp_description', 'catkin_cmake_args': None, 'catkin_skip_building_tests': False, 'cmake_args': None, 'cmake_clean_cache': False, 'cmake_clean_first': False, 'cmake_force_configure': False, 'cmake_target': None, 'cmake_target_skip_unavailable': False, 'install_base': '/home/omerb/garp7_ws/install/garp_description', 'merge_install': False, 'path': '/home/omerb/garp7_ws/src/garp_description', 'symlink_install': False, 'test_result_base': None}
[0.457s] Level 5:colcon.colcon_core.verb:set package 'garp_simulate' build argument 'cmake_args' from command line to 'None'
[0.457s] Level 5:colcon.colcon_core.verb:set package 'garp_simulate' build argument 'cmake_target' from command line to 'None'
[0.457s] Level 5:colcon.colcon_core.verb:set package 'garp_simulate' build argument 'cmake_target_skip_unavailable' from command line to 'False'
[0.457s] Level 5:colcon.colcon_core.verb:set package 'garp_simulate' build argument 'cmake_clean_cache' from command line to 'False'
[0.457s] Level 5:colcon.colcon_core.verb:set package 'garp_simulate' build argument 'cmake_clean_first' from command line to 'False'
[0.457s] Level 5:colcon.colcon_core.verb:set package 'garp_simulate' build argument 'cmake_force_configure' from command line to 'False'
[0.457s] Level 5:colcon.colcon_core.verb:set package 'garp_simulate' build argument 'ament_cmake_args' from command line to 'None'
[0.457s] Level 5:colcon.colcon_core.verb:set package 'garp_simulate' build argument 'catkin_cmake_args' from command line to 'None'
[0.457s] Level 5:colcon.colcon_core.verb:set package 'garp_simulate' build argument 'catkin_skip_building_tests' from command line to 'False'
[0.457s] DEBUG:colcon.colcon_core.verb:Building package 'garp_simulate' with the following arguments: {'ament_cmake_args': None, 'build_base': '/home/omerb/garp7_ws/build/garp_simulate', 'catkin_cmake_args': None, 'catkin_skip_building_tests': False, 'cmake_args': None, 'cmake_clean_cache': False, 'cmake_clean_first': False, 'cmake_force_configure': False, 'cmake_target': None, 'cmake_target_skip_unavailable': False, 'install_base': '/home/omerb/garp7_ws/install/garp_simulate', 'merge_install': False, 'path': '/home/omerb/garp7_ws/src/garp_simulate', 'symlink_install': False, 'test_result_base': None}
[0.458s] Level 5:colcon.colcon_core.verb:set package 'garp_tools' build argument 'cmake_args' from command line to 'None'
[0.458s] Level 5:colcon.colcon_core.verb:set package 'garp_tools' build argument 'cmake_target' from command line to 'None'
[0.458s] Level 5:colcon.colcon_core.verb:set package 'garp_tools' build argument 'cmake_target_skip_unavailable' from command line to 'False'
[0.458s] Level 5:colcon.colcon_core.verb:set package 'garp_tools' build argument 'cmake_clean_cache' from command line to 'False'
[0.458s] Level 5:colcon.colcon_core.verb:set package 'garp_tools' build argument 'cmake_clean_first' from command line to 'False'
[0.458s] Level 5:colcon.colcon_core.verb:set package 'garp_tools' build argument 'cmake_force_configure' from command line to 'False'
[0.458s] Level 5:colcon.colcon_core.verb:set package 'garp_tools' build argument 'ament_cmake_args' from command line to 'None'
[0.458s] Level 5:colcon.colcon_core.verb:set package 'garp_tools' build argument 'catkin_cmake_args' from command line to 'None'
[0.458s] Level 5:colcon.colcon_core.verb:set package 'garp_tools' build argument 'catkin_skip_building_tests' from command line to 'False'
[0.458s] DEBUG:colcon.colcon_core.verb:Building package 'garp_tools' with the following arguments: {'ament_cmake_args': None, 'build_base': '/home/omerb/garp7_ws/build/garp_tools', 'catkin_cmake_args': None, 'catkin_skip_building_tests': False, 'cmake_args': None, 'cmake_clean_cache': False, 'cmake_clean_first': False, 'cmake_force_configure': False, 'cmake_target': None, 'cmake_target_skip_unavailable': False, 'install_base': '/home/omerb/garp7_ws/install/garp_tools', 'merge_install': False, 'path': '/home/omerb/garp7_ws/src/garp_tools', 'symlink_install': False, 'test_result_base': None}
[0.458s] INFO:colcon.colcon_core.executor:Executing jobs using 'parallel' executor
[0.459s] DEBUG:colcon.colcon_parallel_executor.executor.parallel:run_until_complete
[0.460s] INFO:colcon.colcon_ros.task.ament_cmake.build:Building ROS package in '/home/omerb/garp7_ws/src/garp_description' with build type 'ament_cmake'
[0.461s] INFO:colcon.colcon_cmake.task.cmake.build:Building CMake package in '/home/omerb/garp7_ws/src/garp_description'
[0.464s] INFO:colcon.colcon_core.plugin_system:Skipping extension 'colcon_core.shell.bat': Not used on non-Windows systems
[0.465s] INFO:colcon.colcon_core.shell:Skip shell extension 'powershell' for command environment: Not usable outside of PowerShell
[0.465s] DEBUG:colcon.colcon_core.shell:Skip shell extension 'dsv' for command environment
[0.473s] INFO:colcon.colcon_ros.task.ament_cmake.build:Building ROS package in '/home/omerb/garp7_ws/src/garp_simulate' with build type 'ament_cmake'
[0.473s] INFO:colcon.colcon_cmake.task.cmake.build:Building CMake package in '/home/omerb/garp7_ws/src/garp_simulate'
[0.474s] INFO:colcon.colcon_core.shell:Skip shell extension 'powershell' for command environment: Not usable outside of PowerShell
[0.474s] DEBUG:colcon.colcon_core.shell:Skip shell extension 'dsv' for command environment
[0.481s] INFO:colcon.colcon_ros.task.ament_python.build:Building ROS package in '/home/omerb/garp7_ws/src/garp_tools' with build type 'ament_python'
[0.481s] Level 1:colcon.colcon_core.shell:create_environment_hook('garp_tools', 'ament_prefix_path')
[0.481s] INFO:colcon.colcon_core.shell:Creating environment hook '/home/omerb/garp7_ws/install/garp_tools/share/garp_tools/hook/ament_prefix_path.ps1'
[0.483s] INFO:colcon.colcon_core.shell:Creating environment descriptor '/home/omerb/garp7_ws/install/garp_tools/share/garp_tools/hook/ament_prefix_path.dsv'
[0.484s] INFO:colcon.colcon_core.shell:Creating environment hook '/home/omerb/garp7_ws/install/garp_tools/share/garp_tools/hook/ament_prefix_path.sh'
[0.485s] INFO:colcon.colcon_core.shell:Skip shell extension 'powershell' for command environment: Not usable outside of PowerShell
[0.485s] DEBUG:colcon.colcon_core.shell:Skip shell extension 'dsv' for command environment
[0.500s] DEBUG:colcon.colcon_core.event_handler.log_command:Invoking command in '/home/omerb/garp7_ws/build/garp_description': CMAKE_PREFIX_PATH=${CMAKE_PREFIX_PATH}:/home/omerb/garp7_ws/install/garp_tools:/opt/ros/jazzy DEBUGINFOD_URLS=https://debuginfod.ubuntu.com PS1=\[\e]0;\u@\h: \w\a\]${debian_chroot:+($debian_chroot)}\[\033[01;32m\]\u@\h\[\033[00m\]:\[\033[01;34m\]\w\[\033[00m\]\$ VIRTUAL_ENV_PROMPT=(venv-ardupilot) /usr/bin/cmake --build /home/omerb/garp7_ws/build/garp_description -- -j16 -l16
[0.525s] DEBUG:colcon.colcon_core.event_handler.log_command:Invoking command in '/home/omerb/garp7_ws/build/garp_simulate': CMAKE_PREFIX_PATH=${CMAKE_PREFIX_PATH}:/home/omerb/garp7_ws/install/garp_tools:/opt/ros/jazzy DEBUGINFOD_URLS=https://debuginfod.ubuntu.com PS1=\[\e]0;\u@\h: \w\a\]${debian_chroot:+($debian_chroot)}\[\033[01;32m\]\u@\h\[\033[00m\]:\[\033[01;34m\]\w\[\033[00m\]\$ VIRTUAL_ENV_PROMPT=(venv-ardupilot) /usr/bin/cmake --build /home/omerb/garp7_ws/build/garp_simulate -- -j16 -l16
[0.965s] INFO:colcon.colcon_core.task.python.build:Building Python package in '/home/omerb/garp7_ws/src/garp_tools'
[0.966s] INFO:colcon.colcon_core.shell:Skip shell extension 'powershell' for command environment: Not usable outside of PowerShell
[0.966s] DEBUG:colcon.colcon_core.shell:Skip shell extension 'dsv' for command environment
[0.974s] DEBUG:colcon.colcon_core.event_handler.log_command:Invoked command in '/home/omerb/garp7_ws/build/garp_description' returned '0': CMAKE_PREFIX_PATH=${CMAKE_PREFIX_PATH}:/home/omerb/garp7_ws/install/garp_tools:/opt/ros/jazzy DEBUGINFOD_URLS=https://debuginfod.ubuntu.com PS1=\[\e]0;\u@\h: \w\a\]${debian_chroot:+($debian_chroot)}\[\033[01;32m\]\u@\h\[\033[00m\]:\[\033[01;34m\]\w\[\033[00m\]\$ VIRTUAL_ENV_PROMPT=(venv-ardupilot) /usr/bin/cmake --build /home/omerb/garp7_ws/build/garp_description -- -j16 -l16
[0.998s] DEBUG:colcon.colcon_core.event_handler.log_command:Invoking command in '/home/omerb/garp7_ws/build/garp_description': CMAKE_PREFIX_PATH=${CMAKE_PREFIX_PATH}:/home/omerb/garp7_ws/install/garp_tools:/opt/ros/jazzy DEBUGINFOD_URLS=https://debuginfod.ubuntu.com PS1=\[\e]0;\u@\h: \w\a\]${debian_chroot:+($debian_chroot)}\[\033[01;32m\]\u@\h\[\033[00m\]:\[\033[01;34m\]\w\[\033[00m\]\$ VIRTUAL_ENV_PROMPT=(venv-ardupilot) /usr/bin/cmake --install /home/omerb/garp7_ws/build/garp_description
[1.000s] DEBUG:colcon.colcon_core.event_handler.log_command:Invoked command in '/home/omerb/garp7_ws/build/garp_simulate' returned '0': CMAKE_PREFIX_PATH=${CMAKE_PREFIX_PATH}:/home/omerb/garp7_ws/install/garp_tools:/opt/ros/jazzy DEBUGINFOD_URLS=https://debuginfod.ubuntu.com PS1=\[\e]0;\u@\h: \w\a\]${debian_chroot:+($debian_chroot)}\[\033[01;32m\]\u@\h\[\033[00m\]:\[\033[01;34m\]\w\[\033[00m\]\$ VIRTUAL_ENV_PROMPT=(venv-ardupilot) /usr/bin/cmake --build /home/omerb/garp7_ws/build/garp_simulate -- -j16 -l16
[1.003s] DEBUG:colcon.colcon_core.event_handler.log_command:Invoking command in '/home/omerb/garp7_ws/build/garp_simulate': CMAKE_PREFIX_PATH=${CMAKE_PREFIX_PATH}:/home/omerb/garp7_ws/install/garp_tools:/opt/ros/jazzy DEBUGINFOD_URLS=https://debuginfod.ubuntu.com PS1=\[\e]0;\u@\h: \w\a\]${debian_chroot:+($debian_chroot)}\[\033[01;32m\]\u@\h\[\033[00m\]:\[\033[01;34m\]\w\[\033[00m\]\$ VIRTUAL_ENV_PROMPT=(venv-ardupilot) /usr/bin/cmake --install /home/omerb/garp7_ws/build/garp_simulate
[1.026s] Level 1:colcon.colcon_core.environment:create_environment_scripts_only(garp_simulate)
[1.040s] DEBUG:colcon.colcon_core.event_handler.log_command:Invoked command in '/home/omerb/garp7_ws/build/garp_simulate' returned '0': CMAKE_PREFIX_PATH=${CMAKE_PREFIX_PATH}:/home/omerb/garp7_ws/install/garp_tools:/opt/ros/jazzy DEBUGINFOD_URLS=https://debuginfod.ubuntu.com PS1=\[\e]0;\u@\h: \w\a\]${debian_chroot:+($debian_chroot)}\[\033[01;32m\]\u@\h\[\033[00m\]:\[\033[01;34m\]\w\[\033[00m\]\$ VIRTUAL_ENV_PROMPT=(venv-ardupilot) /usr/bin/cmake --install /home/omerb/garp7_ws/build/garp_simulate
[1.043s] Level 1:colcon.colcon_core.environment:checking '/home/omerb/garp7_ws/install/garp_simulate' for CMake module files
[1.045s] Level 1:colcon.colcon_core.environment:checking '/home/omerb/garp7_ws/install/garp_simulate' for CMake config files
[1.046s] Level 1:colcon.colcon_core.shell:create_environment_hook('garp_simulate', 'cmake_prefix_path')
[1.047s] INFO:colcon.colcon_core.shell:Creating environment hook '/home/omerb/garp7_ws/install/garp_simulate/share/garp_simulate/hook/cmake_prefix_path.ps1'
[1.049s] INFO:colcon.colcon_core.shell:Creating environment descriptor '/home/omerb/garp7_ws/install/garp_simulate/share/garp_simulate/hook/cmake_prefix_path.dsv'
[1.050s] INFO:colcon.colcon_core.shell:Creating environment hook '/home/omerb/garp7_ws/install/garp_simulate/share/garp_simulate/hook/cmake_prefix_path.sh'
[1.052s] Level 1:colcon.colcon_core.environment:checking '/home/omerb/garp7_ws/install/garp_simulate/bin'
[1.053s] Level 1:colcon.colcon_core.environment:checking '/home/omerb/garp7_ws/install/garp_simulate/lib/pkgconfig/garp_simulate.pc'
[1.054s] Level 1:colcon.colcon_core.environment:checking '/home/omerb/garp7_ws/install/garp_simulate/lib/python3.12/site-packages'
[1.054s] Level 1:colcon.colcon_core.environment:checking '/home/omerb/garp7_ws/install/garp_simulate/bin'
[1.055s] INFO:colcon.colcon_core.shell:Creating package script '/home/omerb/garp7_ws/install/garp_simulate/share/garp_simulate/package.ps1'
[1.056s] INFO:colcon.colcon_core.shell:Creating package descriptor '/home/omerb/garp7_ws/install/garp_simulate/share/garp_simulate/package.dsv'
[1.058s] INFO:colcon.colcon_core.shell:Creating package script '/home/omerb/garp7_ws/install/garp_simulate/share/garp_simulate/package.sh'
[1.060s] INFO:colcon.colcon_core.shell:Creating package script '/home/omerb/garp7_ws/install/garp_simulate/share/garp_simulate/package.bash'
[1.064s] INFO:colcon.colcon_core.shell:Creating package script '/home/omerb/garp7_ws/install/garp_simulate/share/garp_simulate/package.zsh'
[1.065s] Level 1:colcon.colcon_core.environment:create_file_with_runtime_dependencies(/home/omerb/garp7_ws/install/garp_simulate/share/colcon-core/packages/garp_simulate)
[1.067s] Level 1:colcon.colcon_core.environment:create_environment_scripts_only(garp_simulate)
[1.067s] Level 1:colcon.colcon_core.environment:checking '/home/omerb/garp7_ws/install/garp_simulate' for CMake module files
[1.069s] Level 1:colcon.colcon_core.environment:checking '/home/omerb/garp7_ws/install/garp_simulate' for CMake config files
[1.070s] Level 1:colcon.colcon_core.shell:create_environment_hook('garp_simulate', 'cmake_prefix_path')
[1.071s] INFO:colcon.colcon_core.shell:Creating environment hook '/home/omerb/garp7_ws/install/garp_simulate/share/garp_simulate/hook/cmake_prefix_path.ps1'
[1.072s] INFO:colcon.colcon_core.shell:Creating environment descriptor '/home/omerb/garp7_ws/install/garp_simulate/share/garp_simulate/hook/cmake_prefix_path.dsv'
[1.073s] INFO:colcon.colcon_core.shell:Creating environment hook '/home/omerb/garp7_ws/install/garp_simulate/share/garp_simulate/hook/cmake_prefix_path.sh'
[1.075s] Level 1:colcon.colcon_core.environment:checking '/home/omerb/garp7_ws/install/garp_simulate/bin'
[1.076s] Level 1:colcon.colcon_core.environment:checking '/home/omerb/garp7_ws/install/garp_simulate/lib/pkgconfig/garp_simulate.pc'
[1.076s] Level 1:colcon.colcon_core.environment:checking '/home/omerb/garp7_ws/install/garp_simulate/lib/python3.12/site-packages'
[1.077s] Level 1:colcon.colcon_core.environment:checking '/home/omerb/garp7_ws/install/garp_simulate/bin'
[1.077s] INFO:colcon.colcon_core.shell:Creating package script '/home/omerb/garp7_ws/install/garp_simulate/share/garp_simulate/package.ps1'
[1.079s] INFO:colcon.colcon_core.shell:Creating package descriptor '/home/omerb/garp7_ws/install/garp_simulate/share/garp_simulate/package.dsv'
[1.080s] INFO:colcon.colcon_core.shell:Creating package script '/home/omerb/garp7_ws/install/garp_simulate/share/garp_simulate/package.sh'
[1.081s] INFO:colcon.colcon_core.shell:Creating package script '/home/omerb/garp7_ws/install/garp_simulate/share/garp_simulate/package.bash'
[1.082s] INFO:colcon.colcon_core.shell:Creating package script '/home/omerb/garp7_ws/install/garp_simulate/share/garp_simulate/package.zsh'
[1.082s] Level 1:colcon.colcon_core.environment:create_file_with_runtime_dependencies(/home/omerb/garp7_ws/install/garp_simulate/share/colcon-core/packages/garp_simulate)
[1.084s] Level 1:colcon.colcon_core.environment:create_environment_scripts_only(garp_description)
[1.084s] Level 1:colcon.colcon_core.environment:checking '/home/omerb/garp7_ws/install/garp_description' for CMake module files
[1.086s] DEBUG:colcon.colcon_core.event_handler.log_command:Invoked command in '/home/omerb/garp7_ws/build/garp_description' returned '0': CMAKE_PREFIX_PATH=${CMAKE_PREFIX_PATH}:/home/omerb/garp7_ws/install/garp_tools:/opt/ros/jazzy DEBUGINFOD_URLS=https://debuginfod.ubuntu.com PS1=\[\e]0;\u@\h: \w\a\]${debian_chroot:+($debian_chroot)}\[\033[01;32m\]\u@\h\[\033[00m\]:\[\033[01;34m\]\w\[\033[00m\]\$ VIRTUAL_ENV_PROMPT=(venv-ardupilot) /usr/bin/cmake --install /home/omerb/garp7_ws/build/garp_description
[1.086s] Level 1:colcon.colcon_core.environment:checking '/home/omerb/garp7_ws/install/garp_description' for CMake config files
[1.087s] Level 1:colcon.colcon_core.shell:create_environment_hook('garp_description', 'cmake_prefix_path')
[1.089s] INFO:colcon.colcon_core.shell:Creating environment hook '/home/omerb/garp7_ws/install/garp_description/share/garp_description/hook/cmake_prefix_path.ps1'
[1.090s] INFO:colcon.colcon_core.shell:Creating environment descriptor '/home/omerb/garp7_ws/install/garp_description/share/garp_description/hook/cmake_prefix_path.dsv'
[1.091s] INFO:colcon.colcon_core.shell:Creating environment hook '/home/omerb/garp7_ws/install/garp_description/share/garp_description/hook/cmake_prefix_path.sh'
[1.092s] Level 1:colcon.colcon_core.environment:checking '/home/omerb/garp7_ws/install/garp_description/bin'
[1.092s] Level 1:colcon.colcon_core.environment:checking '/home/omerb/garp7_ws/install/garp_description/lib/pkgconfig/garp_description.pc'
[1.092s] Level 1:colcon.colcon_core.environment:checking '/home/omerb/garp7_ws/install/garp_description/lib/python3.12/site-packages'
[1.093s] Level 1:colcon.colcon_core.environment:checking '/home/omerb/garp7_ws/install/garp_description/bin'
[1.094s] INFO:colcon.colcon_core.shell:Creating package script '/home/omerb/garp7_ws/install/garp_description/share/garp_description/package.ps1'
[1.095s] INFO:colcon.colcon_core.shell:Creating package descriptor '/home/omerb/garp7_ws/install/garp_description/share/garp_description/package.dsv'
[1.096s] INFO:colcon.colcon_core.shell:Creating package script '/home/omerb/garp7_ws/install/garp_description/share/garp_description/package.sh'
[1.097s] INFO:colcon.colcon_core.shell:Creating package script '/home/omerb/garp7_ws/install/garp_description/share/garp_description/package.bash'
[1.098s] INFO:colcon.colcon_core.shell:Creating package script '/home/omerb/garp7_ws/install/garp_description/share/garp_description/package.zsh'
[1.098s] Level 1:colcon.colcon_core.environment:create_file_with_runtime_dependencies(/home/omerb/garp7_ws/install/garp_description/share/colcon-core/packages/garp_description)
[1.099s] Level 1:colcon.colcon_core.environment:create_environment_scripts_only(garp_description)
[1.099s] Level 1:colcon.colcon_core.environment:checking '/home/omerb/garp7_ws/install/garp_description' for CMake module files
[1.101s] Level 1:colcon.colcon_core.environment:checking '/home/omerb/garp7_ws/install/garp_description' for CMake config files
[1.101s] Level 1:colcon.colcon_core.shell:create_environment_hook('garp_description', 'cmake_prefix_path')
[1.102s] INFO:colcon.colcon_core.shell:Creating environment hook '/home/omerb/garp7_ws/install/garp_description/share/garp_description/hook/cmake_prefix_path.ps1'
[1.103s] INFO:colcon.colcon_core.shell:Creating environment descriptor '/home/omerb/garp7_ws/install/garp_description/share/garp_description/hook/cmake_prefix_path.dsv'
[1.103s] INFO:colcon.colcon_core.shell:Creating environment hook '/home/omerb/garp7_ws/install/garp_description/share/garp_description/hook/cmake_prefix_path.sh'
[1.104s] Level 1:colcon.colcon_core.environment:checking '/home/omerb/garp7_ws/install/garp_description/bin'
[1.105s] Level 1:colcon.colcon_core.environment:checking '/home/omerb/garp7_ws/install/garp_description/lib/pkgconfig/garp_description.pc'
[1.105s] Level 1:colcon.colcon_core.environment:checking '/home/omerb/garp7_ws/install/garp_description/lib/python3.12/site-packages'
[1.106s] Level 1:colcon.colcon_core.environment:checking '/home/omerb/garp7_ws/install/garp_description/bin'
[1.106s] INFO:colcon.colcon_core.shell:Creating package script '/home/omerb/garp7_ws/install/garp_description/share/garp_description/package.ps1'
[1.107s] INFO:colcon.colcon_core.shell:Creating package descriptor '/home/omerb/garp7_ws/install/garp_description/share/garp_description/package.dsv'
[1.109s] INFO:colcon.colcon_core.shell:Creating package script '/home/omerb/garp7_ws/install/garp_description/share/garp_description/package.sh'
[1.110s] INFO:colcon.colcon_core.shell:Creating package script '/home/omerb/garp7_ws/install/garp_description/share/garp_description/package.bash'
[1.110s] INFO:colcon.colcon_core.shell:Creating package script '/home/omerb/garp7_ws/install/garp_description/share/garp_description/package.zsh'
[1.111s] Level 1:colcon.colcon_core.environment:create_file_with_runtime_dependencies(/home/omerb/garp7_ws/install/garp_description/share/colcon-core/packages/garp_description)
[2.198s] DEBUG:colcon.colcon_core.event_handler.log_command:Invoking command in '/home/omerb/garp7_ws/src/garp_tools': DEBUGINFOD_URLS=https://debuginfod.ubuntu.com PS1=\[\e]0;\u@\h: \w\a\]${debian_chroot:+($debian_chroot)}\[\033[01;32m\]\u@\h\[\033[00m\]:\[\033[01;34m\]\w\[\033[00m\]\$ PYTHONPATH=/home/omerb/garp7_ws/build/garp_tools/prefix_override:/usr/lib/python3/dist-packages/colcon_core/task/python/colcon_distutils_commands:/home/omerb/garp7_ws/install/garp_tools/lib/python3.12/site-packages:${PYTHONPATH} VIRTUAL_ENV_PROMPT=(venv-ardupilot) /usr/bin/python3 -W ignore:setup.py install is deprecated -W ignore:easy_install command is deprecated setup.py egg_info --egg-base ../../build/garp_tools build --build-base /home/omerb/garp7_ws/build/garp_tools/build install --record /home/omerb/garp7_ws/build/garp_tools/install.log --single-version-externally-managed install_data
[3.216s] Level 1:colcon.colcon_core.environment:checking '/home/omerb/garp7_ws/install/garp_tools' for CMake module files
[3.217s] DEBUG:colcon.colcon_core.event_handler.log_command:Invoked command in '/home/omerb/garp7_ws/src/garp_tools' returned '0': DEBUGINFOD_URLS=https://debuginfod.ubuntu.com PS1=\[\e]0;\u@\h: \w\a\]${debian_chroot:+($debian_chroot)}\[\033[01;32m\]\u@\h\[\033[00m\]:\[\033[01;34m\]\w\[\033[00m\]\$ PYTHONPATH=/home/omerb/garp7_ws/build/garp_tools/prefix_override:/usr/lib/python3/dist-packages/colcon_core/task/python/colcon_distutils_commands:/home/omerb/garp7_ws/install/garp_tools/lib/python3.12/site-packages:${PYTHONPATH} VIRTUAL_ENV_PROMPT=(venv-ardupilot) /usr/bin/python3 -W ignore:setup.py install is deprecated -W ignore:easy_install command is deprecated setup.py egg_info --egg-base ../../build/garp_tools build --build-base /home/omerb/garp7_ws/build/garp_tools/build install --record /home/omerb/garp7_ws/build/garp_tools/install.log --single-version-externally-managed install_data
[3.218s] Level 1:colcon.colcon_core.environment:checking '/home/omerb/garp7_ws/install/garp_tools' for CMake config files
[3.219s] Level 1:colcon.colcon_core.environment:checking '/home/omerb/garp7_ws/install/garp_tools/lib'
[3.219s] Level 1:colcon.colcon_core.environment:checking '/home/omerb/garp7_ws/install/garp_tools/bin'
[3.219s] Level 1:colcon.colcon_core.environment:checking '/home/omerb/garp7_ws/install/garp_tools/lib/pkgconfig/garp_tools.pc'
[3.220s] Level 1:colcon.colcon_core.environment:checking '/home/omerb/garp7_ws/install/garp_tools/lib/python3.12/site-packages'
[3.220s] Level 1:colcon.colcon_core.shell:create_environment_hook('garp_tools', 'pythonpath')
[3.220s] INFO:colcon.colcon_core.shell:Creating environment hook '/home/omerb/garp7_ws/install/garp_tools/share/garp_tools/hook/pythonpath.ps1'
[3.221s] INFO:colcon.colcon_core.shell:Creating environment descriptor '/home/omerb/garp7_ws/install/garp_tools/share/garp_tools/hook/pythonpath.dsv'
[3.221s] INFO:colcon.colcon_core.shell:Creating environment hook '/home/omerb/garp7_ws/install/garp_tools/share/garp_tools/hook/pythonpath.sh'
[3.223s] Level 1:colcon.colcon_core.environment:checking '/home/omerb/garp7_ws/install/garp_tools/bin'
[3.223s] Level 1:colcon.colcon_core.environment:create_environment_scripts_only(garp_tools)
[3.223s] INFO:colcon.colcon_core.shell:Creating package script '/home/omerb/garp7_ws/install/garp_tools/share/garp_tools/package.ps1'
[3.224s] INFO:colcon.colcon_core.shell:Creating package descriptor '/home/omerb/garp7_ws/install/garp_tools/share/garp_tools/package.dsv'
[3.225s] INFO:colcon.colcon_core.shell:Creating package script '/home/omerb/garp7_ws/install/garp_tools/share/garp_tools/package.sh'
[3.226s] INFO:colcon.colcon_core.shell:Creating package script '/home/omerb/garp7_ws/install/garp_tools/share/garp_tools/package.bash'
[3.227s] INFO:colcon.colcon_core.shell:Creating package script '/home/omerb/garp7_ws/install/garp_tools/share/garp_tools/package.zsh'
[3.228s] Level 1:colcon.colcon_core.environment:create_file_with_runtime_dependencies(/home/omerb/garp7_ws/install/garp_tools/share/colcon-core/packages/garp_tools)
[3.228s] DEBUG:colcon.colcon_parallel_executor.executor.parallel:closing loop
[3.229s] DEBUG:colcon.colcon_parallel_executor.executor.parallel:loop closed
[3.229s] DEBUG:colcon.colcon_parallel_executor.executor.parallel:run_until_complete finished with '0'
[3.229s] DEBUG:colcon.colcon_core.event_reactor:joining thread
[3.241s] INFO:colcon.colcon_core.plugin_system:Skipping extension 'colcon_notification.desktop_notification.terminal_notifier': Not used on non-Darwin systems
[3.241s] INFO:colcon.colcon_core.plugin_system:Skipping extension 'colcon_notification.desktop_notification.win32': Not used on non-Windows systems
[3.241s] INFO:colcon.colcon_notification.desktop_notification:Sending desktop notification using 'notify2'
[3.264s] DEBUG:colcon.colcon_core.event_reactor:joined thread
[3.265s] INFO:colcon.colcon_core.shell:Creating prefix script '/home/omerb/garp7_ws/install/local_setup.ps1'
[3.266s] INFO:colcon.colcon_core.shell:Creating prefix util module '/home/omerb/garp7_ws/install/_local_setup_util_ps1.py'
[3.268s] INFO:colcon.colcon_core.shell:Creating prefix chain script '/home/omerb/garp7_ws/install/setup.ps1'
[3.270s] INFO:colcon.colcon_core.shell:Creating prefix script '/home/omerb/garp7_ws/install/local_setup.sh'
[3.271s] INFO:colcon.colcon_core.shell:Creating prefix util module '/home/omerb/garp7_ws/install/_local_setup_util_sh.py'
[3.271s] INFO:colcon.colcon_core.shell:Creating prefix chain script '/home/omerb/garp7_ws/install/setup.sh'
[3.273s] INFO:colcon.colcon_core.shell:Creating prefix script '/home/omerb/garp7_ws/install/local_setup.bash'
[3.274s] INFO:colcon.colcon_core.shell:Creating prefix chain script '/home/omerb/garp7_ws/install/setup.bash'
[3.276s] INFO:colcon.colcon_core.shell:Creating prefix script '/home/omerb/garp7_ws/install/local_setup.zsh'
[3.277s] INFO:colcon.colcon_core.shell:Creating prefix chain script '/home/omerb/garp7_ws/install/setup.zsh'
