[0.089s] DEBUG:colcon:Command line arguments: ['/usr/bin/colcon', 'build', '--packages-select', 'garp_simulate']
[0.090s] DEBUG:colcon:Parsed command line arguments: Namespace(log_base=None, log_level=None, verb_name='build', build_base='build', install_base='install', merge_install=False, symlink_install=False, test_result_base=None, continue_on_error=False, executor='parallel', parallel_workers=16, event_handlers=None, ignore_user_meta=False, metas=['./colcon.meta'], base_paths=['.'], packages_ignore=None, packages_ignore_regex=None, paths=None, packages_up_to=None, packages_up_to_regex=None, packages_above=None, packages_above_and_dependencies=None, packages_above_depth=None, packages_select_by_dep=None, packages_skip_by_dep=None, packages_skip_up_to=None, packages_select_build_failed=False, packages_skip_build_finished=False, packages_select_test_failures=False, packages_skip_test_passed=False, packages_select=['garp_simulate'], packages_skip=None, packages_select_regex=None, packages_skip_regex=None, packages_start=None, packages_end=None, allow_overriding=[], cmake_args=None, cmake_target=None, cmake_target_skip_unavailable=False, cmake_clean_cache=False, cmake_clean_first=False, cmake_force_configure=False, ament_cmake_args=None, catkin_cmake_args=None, catkin_skip_building_tests=False, mixin_files=None, mixin=None, verb_parser=<colcon_mixin.mixin.mixin_argument.MixinArgumentDecorator object at 0x705830550f20>, verb_extension=<colcon_core.verb.build.BuildVerb object at 0x7058306d14f0>, main=<bound method BuildVerb.main of <colcon_core.verb.build.BuildVerb object at 0x7058306d14f0>>, mixin_verb=('build',))
[0.127s] Level 1:colcon.colcon_core.package_discovery:discover_packages(colcon_meta) check parameters
[0.127s] Level 1:colcon.colcon_core.package_discovery:discover_packages(recursive) check parameters
[0.127s] Level 1:colcon.colcon_core.package_discovery:discover_packages(ignore) check parameters
[0.127s] Level 1:colcon.colcon_core.package_discovery:discover_packages(path) check parameters
[0.127s] Level 1:colcon.colcon_core.package_discovery:discover_packages(colcon_meta) discover
[0.127s] Level 1:colcon.colcon_core.package_discovery:discover_packages(recursive) discover
[0.127s] INFO:colcon.colcon_core.package_discovery:Crawling recursively for packages in '/home/omerb/garp7_ws'
[0.127s] Level 1:colcon.colcon_core.package_identification:_identify(.) by extensions ['ignore', 'ignore_ament_install']
[0.127s] Level 1:colcon.colcon_core.package_identification:_identify(.) by extension 'ignore'
[0.127s] Level 1:colcon.colcon_core.package_identification:_identify(.) by extension 'ignore_ament_install'
[0.127s] Level 1:colcon.colcon_core.package_identification:_identify(.) by extensions ['colcon_pkg']
[0.127s] Level 1:colcon.colcon_core.package_identification:_identify(.) by extension 'colcon_pkg'
[0.127s] Level 1:colcon.colcon_core.package_identification:_identify(.) by extensions ['colcon_meta']
[0.127s] Level 1:colcon.colcon_core.package_identification:_identify(.) by extension 'colcon_meta'
[0.127s] Level 1:colcon.colcon_core.package_identification:_identify(.) by extensions ['ros']
[0.127s] Level 1:colcon.colcon_core.package_identification:_identify(.) by extension 'ros'
[0.151s] Level 1:colcon.colcon_core.package_identification:_identify(.) by extensions ['cmake', 'python']
[0.151s] Level 1:colcon.colcon_core.package_identification:_identify(.) by extension 'cmake'
[0.151s] Level 1:colcon.colcon_core.package_identification:_identify(.) by extension 'python'
[0.151s] Level 1:colcon.colcon_core.package_identification:_identify(.) by extensions ['python_setup_py']
[0.151s] Level 1:colcon.colcon_core.package_identification:_identify(.) by extension 'python_setup_py'
[0.151s] Level 1:colcon.colcon_core.package_identification:_identify(build) by extensions ['ignore', 'ignore_ament_install']
[0.151s] Level 1:colcon.colcon_core.package_identification:_identify(build) by extension 'ignore'
[0.151s] Level 1:colcon.colcon_core.package_identification:_identify(build) ignored
[0.151s] Level 1:colcon.colcon_core.package_identification:_identify(install) by extensions ['ignore', 'ignore_ament_install']
[0.151s] Level 1:colcon.colcon_core.package_identification:_identify(install) by extension 'ignore'
[0.151s] Level 1:colcon.colcon_core.package_identification:_identify(install) ignored
[0.152s] Level 1:colcon.colcon_core.package_identification:_identify(log) by extensions ['ignore', 'ignore_ament_install']
[0.152s] Level 1:colcon.colcon_core.package_identification:_identify(log) by extension 'ignore'
[0.152s] Level 1:colcon.colcon_core.package_identification:_identify(log) ignored
[0.152s] Level 1:colcon.colcon_core.package_identification:_identify(src) by extensions ['ignore', 'ignore_ament_install']
[0.152s] Level 1:colcon.colcon_core.package_identification:_identify(src) by extension 'ignore'
[0.152s] Level 1:colcon.colcon_core.package_identification:_identify(src) by extension 'ignore_ament_install'
[0.152s] Level 1:colcon.colcon_core.package_identification:_identify(src) by extensions ['colcon_pkg']
[0.152s] Level 1:colcon.colcon_core.package_identification:_identify(src) by extension 'colcon_pkg'
[0.152s] Level 1:colcon.colcon_core.package_identification:_identify(src) by extensions ['colcon_meta']
[0.152s] Level 1:colcon.colcon_core.package_identification:_identify(src) by extension 'colcon_meta'
[0.152s] Level 1:colcon.colcon_core.package_identification:_identify(src) by extensions ['ros']
[0.152s] Level 1:colcon.colcon_core.package_identification:_identify(src) by extension 'ros'
[0.152s] Level 1:colcon.colcon_core.package_identification:_identify(src) by extensions ['cmake', 'python']
[0.152s] Level 1:colcon.colcon_core.package_identification:_identify(src) by extension 'cmake'
[0.152s] Level 1:colcon.colcon_core.package_identification:_identify(src) by extension 'python'
[0.152s] Level 1:colcon.colcon_core.package_identification:_identify(src) by extensions ['python_setup_py']
[0.152s] Level 1:colcon.colcon_core.package_identification:_identify(src) by extension 'python_setup_py'
[0.152s] Level 1:colcon.colcon_core.package_identification:_identify(src/garp_description) by extensions ['ignore', 'ignore_ament_install']
[0.152s] Level 1:colcon.colcon_core.package_identification:_identify(src/garp_description) by extension 'ignore'
[0.152s] Level 1:colcon.colcon_core.package_identification:_identify(src/garp_description) by extension 'ignore_ament_install'
[0.152s] Level 1:colcon.colcon_core.package_identification:_identify(src/garp_description) by extensions ['colcon_pkg']
[0.152s] Level 1:colcon.colcon_core.package_identification:_identify(src/garp_description) by extension 'colcon_pkg'
[0.152s] Level 1:colcon.colcon_core.package_identification:_identify(src/garp_description) by extensions ['colcon_meta']
[0.152s] Level 1:colcon.colcon_core.package_identification:_identify(src/garp_description) by extension 'colcon_meta'
[0.153s] Level 1:colcon.colcon_core.package_identification:_identify(src/garp_description) by extensions ['ros']
[0.153s] Level 1:colcon.colcon_core.package_identification:_identify(src/garp_description) by extension 'ros'
[0.154s] DEBUG:colcon.colcon_core.package_identification:Package 'src/garp_description' with type 'ros.ament_cmake' and name 'garp_description'
[0.155s] Level 1:colcon.colcon_core.package_identification:_identify(src/garp_simulate) by extensions ['ignore', 'ignore_ament_install']
[0.155s] Level 1:colcon.colcon_core.package_identification:_identify(src/garp_simulate) by extension 'ignore'
[0.155s] Level 1:colcon.colcon_core.package_identification:_identify(src/garp_simulate) by extension 'ignore_ament_install'
[0.155s] Level 1:colcon.colcon_core.package_identification:_identify(src/garp_simulate) by extensions ['colcon_pkg']
[0.155s] Level 1:colcon.colcon_core.package_identification:_identify(src/garp_simulate) by extension 'colcon_pkg'
[0.155s] Level 1:colcon.colcon_core.package_identification:_identify(src/garp_simulate) by extensions ['colcon_meta']
[0.155s] Level 1:colcon.colcon_core.package_identification:_identify(src/garp_simulate) by extension 'colcon_meta'
[0.155s] Level 1:colcon.colcon_core.package_identification:_identify(src/garp_simulate) by extensions ['ros']
[0.155s] Level 1:colcon.colcon_core.package_identification:_identify(src/garp_simulate) by extension 'ros'
[0.155s] DEBUG:colcon.colcon_core.package_identification:Package 'src/garp_simulate' with type 'ros.ament_cmake' and name 'garp_simulate'
[0.155s] Level 1:colcon.colcon_core.package_identification:_identify(src/garp_tools) by extensions ['ignore', 'ignore_ament_install']
[0.156s] Level 1:colcon.colcon_core.package_identification:_identify(src/garp_tools) by extension 'ignore'
[0.156s] Level 1:colcon.colcon_core.package_identification:_identify(src/garp_tools) by extension 'ignore_ament_install'
[0.156s] Level 1:colcon.colcon_core.package_identification:_identify(src/garp_tools) by extensions ['colcon_pkg']
[0.156s] Level 1:colcon.colcon_core.package_identification:_identify(src/garp_tools) by extension 'colcon_pkg'
[0.156s] Level 1:colcon.colcon_core.package_identification:_identify(src/garp_tools) by extensions ['colcon_meta']
[0.156s] Level 1:colcon.colcon_core.package_identification:_identify(src/garp_tools) by extension 'colcon_meta'
[0.156s] Level 1:colcon.colcon_core.package_identification:_identify(src/garp_tools) by extensions ['ros']
[0.156s] Level 1:colcon.colcon_core.package_identification:_identify(src/garp_tools) by extension 'ros'
[0.156s] DEBUG:colcon.colcon_core.package_identification:Package 'src/garp_tools' with type 'ros.ament_python' and name 'garp_tools'
[0.156s] Level 1:colcon.colcon_core.package_discovery:discover_packages(recursive) using defaults
[0.156s] Level 1:colcon.colcon_core.package_discovery:discover_packages(ignore) discover
[0.156s] Level 1:colcon.colcon_core.package_discovery:discover_packages(ignore) using defaults
[0.157s] Level 1:colcon.colcon_core.package_discovery:discover_packages(path) discover
[0.157s] Level 1:colcon.colcon_core.package_discovery:discover_packages(path) using defaults
[0.172s] INFO:colcon.colcon_core.package_selection:Skipping not selected package 'garp_description' in 'src/garp_description'
[0.172s] INFO:colcon.colcon_core.package_selection:Skipping not selected package 'garp_tools' in 'src/garp_tools'
[0.172s] Level 1:colcon.colcon_core.package_discovery:discover_packages(prefix_path) check parameters
[0.172s] Level 1:colcon.colcon_core.package_discovery:discover_packages(prefix_path) discover
[0.173s] DEBUG:colcon.colcon_installed_package_information.package_discovery:Found 1 installed packages in /home/omerb/ardupilot_gazebo/install
[0.175s] DEBUG:colcon.colcon_installed_package_information.package_discovery:Found 387 installed packages in /opt/ros/jazzy
[0.177s] Level 1:colcon.colcon_core.package_discovery:discover_packages(prefix_path) using defaults
[0.214s] Level 5:colcon.colcon_core.verb:set package 'garp_simulate' build argument 'cmake_args' from command line to 'None'
[0.214s] Level 5:colcon.colcon_core.verb:set package 'garp_simulate' build argument 'cmake_target' from command line to 'None'
[0.214s] Level 5:colcon.colcon_core.verb:set package 'garp_simulate' build argument 'cmake_target_skip_unavailable' from command line to 'False'
[0.214s] Level 5:colcon.colcon_core.verb:set package 'garp_simulate' build argument 'cmake_clean_cache' from command line to 'False'
[0.214s] Level 5:colcon.colcon_core.verb:set package 'garp_simulate' build argument 'cmake_clean_first' from command line to 'False'
[0.214s] Level 5:colcon.colcon_core.verb:set package 'garp_simulate' build argument 'cmake_force_configure' from command line to 'False'
[0.215s] Level 5:colcon.colcon_core.verb:set package 'garp_simulate' build argument 'ament_cmake_args' from command line to 'None'
[0.215s] Level 5:colcon.colcon_core.verb:set package 'garp_simulate' build argument 'catkin_cmake_args' from command line to 'None'
[0.215s] Level 5:colcon.colcon_core.verb:set package 'garp_simulate' build argument 'catkin_skip_building_tests' from command line to 'False'
[0.215s] DEBUG:colcon.colcon_core.verb:Building package 'garp_simulate' with the following arguments: {'ament_cmake_args': None, 'build_base': '/home/omerb/garp7_ws/build/garp_simulate', 'catkin_cmake_args': None, 'catkin_skip_building_tests': False, 'cmake_args': None, 'cmake_clean_cache': False, 'cmake_clean_first': False, 'cmake_force_configure': False, 'cmake_target': None, 'cmake_target_skip_unavailable': False, 'install_base': '/home/omerb/garp7_ws/install/garp_simulate', 'merge_install': False, 'path': '/home/omerb/garp7_ws/src/garp_simulate', 'symlink_install': False, 'test_result_base': None}
[0.215s] INFO:colcon.colcon_core.executor:Executing jobs using 'parallel' executor
[0.216s] DEBUG:colcon.colcon_parallel_executor.executor.parallel:run_until_complete
[0.216s] INFO:colcon.colcon_ros.task.ament_cmake.build:Building ROS package in '/home/omerb/garp7_ws/src/garp_simulate' with build type 'ament_cmake'
[0.216s] INFO:colcon.colcon_cmake.task.cmake.build:Building CMake package in '/home/omerb/garp7_ws/src/garp_simulate'
[0.218s] INFO:colcon.colcon_core.plugin_system:Skipping extension 'colcon_core.shell.bat': Not used on non-Windows systems
[0.218s] INFO:colcon.colcon_core.shell:Skip shell extension 'powershell' for command environment: Not usable outside of PowerShell
[0.218s] DEBUG:colcon.colcon_core.shell:Skip shell extension 'dsv' for command environment
[0.227s] DEBUG:colcon.colcon_core.event_handler.log_command:Invoking command in '/home/omerb/garp7_ws/build/garp_simulate': CMAKE_PREFIX_PATH=${CMAKE_PREFIX_PATH}:/opt/ros/jazzy DEBUGINFOD_URLS=https://debuginfod.ubuntu.com PS1=(venv-ardupilot) VIRTUAL_ENV_PROMPT=(venv-ardupilot) /usr/bin/cmake --build /home/omerb/garp7_ws/build/garp_simulate -- -j16 -l16
[0.267s] DEBUG:colcon.colcon_core.event_handler.log_command:Invoked command in '/home/omerb/garp7_ws/build/garp_simulate' returned '0': CMAKE_PREFIX_PATH=${CMAKE_PREFIX_PATH}:/opt/ros/jazzy DEBUGINFOD_URLS=https://debuginfod.ubuntu.com PS1=(venv-ardupilot) VIRTUAL_ENV_PROMPT=(venv-ardupilot) /usr/bin/cmake --build /home/omerb/garp7_ws/build/garp_simulate -- -j16 -l16
[0.277s] DEBUG:colcon.colcon_core.event_handler.log_command:Invoking command in '/home/omerb/garp7_ws/build/garp_simulate': CMAKE_PREFIX_PATH=${CMAKE_PREFIX_PATH}:/opt/ros/jazzy DEBUGINFOD_URLS=https://debuginfod.ubuntu.com PS1=(venv-ardupilot) VIRTUAL_ENV_PROMPT=(venv-ardupilot) /usr/bin/cmake --install /home/omerb/garp7_ws/build/garp_simulate
[0.286s] Level 1:colcon.colcon_core.environment:create_environment_scripts_only(garp_simulate)
[0.287s] DEBUG:colcon.colcon_core.event_handler.log_command:Invoked command in '/home/omerb/garp7_ws/build/garp_simulate' returned '0': CMAKE_PREFIX_PATH=${CMAKE_PREFIX_PATH}:/opt/ros/jazzy DEBUGINFOD_URLS=https://debuginfod.ubuntu.com PS1=(venv-ardupilot) VIRTUAL_ENV_PROMPT=(venv-ardupilot) /usr/bin/cmake --install /home/omerb/garp7_ws/build/garp_simulate
[0.289s] Level 1:colcon.colcon_core.environment:checking '/home/omerb/garp7_ws/install/garp_simulate' for CMake module files
[0.289s] Level 1:colcon.colcon_core.environment:checking '/home/omerb/garp7_ws/install/garp_simulate' for CMake config files
[0.289s] Level 1:colcon.colcon_core.shell:create_environment_hook('garp_simulate', 'cmake_prefix_path')
[0.289s] INFO:colcon.colcon_core.shell:Creating environment hook '/home/omerb/garp7_ws/install/garp_simulate/share/garp_simulate/hook/cmake_prefix_path.ps1'
[0.290s] INFO:colcon.colcon_core.shell:Creating environment descriptor '/home/omerb/garp7_ws/install/garp_simulate/share/garp_simulate/hook/cmake_prefix_path.dsv'
[0.290s] INFO:colcon.colcon_core.shell:Creating environment hook '/home/omerb/garp7_ws/install/garp_simulate/share/garp_simulate/hook/cmake_prefix_path.sh'
[0.291s] Level 1:colcon.colcon_core.environment:checking '/home/omerb/garp7_ws/install/garp_simulate/bin'
[0.291s] Level 1:colcon.colcon_core.environment:checking '/home/omerb/garp7_ws/install/garp_simulate/lib/pkgconfig/garp_simulate.pc'
[0.291s] Level 1:colcon.colcon_core.environment:checking '/home/omerb/garp7_ws/install/garp_simulate/lib/python3.12/site-packages'
[0.291s] Level 1:colcon.colcon_core.environment:checking '/home/omerb/garp7_ws/install/garp_simulate/bin'
[0.292s] INFO:colcon.colcon_core.shell:Creating package script '/home/omerb/garp7_ws/install/garp_simulate/share/garp_simulate/package.ps1'
[0.292s] INFO:colcon.colcon_core.shell:Creating package descriptor '/home/omerb/garp7_ws/install/garp_simulate/share/garp_simulate/package.dsv'
[0.293s] INFO:colcon.colcon_core.shell:Creating package script '/home/omerb/garp7_ws/install/garp_simulate/share/garp_simulate/package.sh'
[0.293s] INFO:colcon.colcon_core.shell:Creating package script '/home/omerb/garp7_ws/install/garp_simulate/share/garp_simulate/package.bash'
[0.294s] INFO:colcon.colcon_core.shell:Creating package script '/home/omerb/garp7_ws/install/garp_simulate/share/garp_simulate/package.zsh'
[0.294s] Level 1:colcon.colcon_core.environment:create_file_with_runtime_dependencies(/home/omerb/garp7_ws/install/garp_simulate/share/colcon-core/packages/garp_simulate)
[0.295s] Level 1:colcon.colcon_core.environment:create_environment_scripts_only(garp_simulate)
[0.295s] Level 1:colcon.colcon_core.environment:checking '/home/omerb/garp7_ws/install/garp_simulate' for CMake module files
[0.295s] Level 1:colcon.colcon_core.environment:checking '/home/omerb/garp7_ws/install/garp_simulate' for CMake config files
[0.295s] Level 1:colcon.colcon_core.shell:create_environment_hook('garp_simulate', 'cmake_prefix_path')
[0.296s] INFO:colcon.colcon_core.shell:Creating environment hook '/home/omerb/garp7_ws/install/garp_simulate/share/garp_simulate/hook/cmake_prefix_path.ps1'
[0.296s] INFO:colcon.colcon_core.shell:Creating environment descriptor '/home/omerb/garp7_ws/install/garp_simulate/share/garp_simulate/hook/cmake_prefix_path.dsv'
[0.296s] INFO:colcon.colcon_core.shell:Creating environment hook '/home/omerb/garp7_ws/install/garp_simulate/share/garp_simulate/hook/cmake_prefix_path.sh'
[0.297s] Level 1:colcon.colcon_core.environment:checking '/home/omerb/garp7_ws/install/garp_simulate/bin'
[0.297s] Level 1:colcon.colcon_core.environment:checking '/home/omerb/garp7_ws/install/garp_simulate/lib/pkgconfig/garp_simulate.pc'
[0.297s] Level 1:colcon.colcon_core.environment:checking '/home/omerb/garp7_ws/install/garp_simulate/lib/python3.12/site-packages'
[0.298s] Level 1:colcon.colcon_core.environment:checking '/home/omerb/garp7_ws/install/garp_simulate/bin'
[0.298s] INFO:colcon.colcon_core.shell:Creating package script '/home/omerb/garp7_ws/install/garp_simulate/share/garp_simulate/package.ps1'
[0.298s] INFO:colcon.colcon_core.shell:Creating package descriptor '/home/omerb/garp7_ws/install/garp_simulate/share/garp_simulate/package.dsv'
[0.299s] INFO:colcon.colcon_core.shell:Creating package script '/home/omerb/garp7_ws/install/garp_simulate/share/garp_simulate/package.sh'
[0.299s] INFO:colcon.colcon_core.shell:Creating package script '/home/omerb/garp7_ws/install/garp_simulate/share/garp_simulate/package.bash'
[0.299s] INFO:colcon.colcon_core.shell:Creating package script '/home/omerb/garp7_ws/install/garp_simulate/share/garp_simulate/package.zsh'
[0.300s] Level 1:colcon.colcon_core.environment:create_file_with_runtime_dependencies(/home/omerb/garp7_ws/install/garp_simulate/share/colcon-core/packages/garp_simulate)
[0.300s] DEBUG:colcon.colcon_parallel_executor.executor.parallel:closing loop
[0.300s] DEBUG:colcon.colcon_parallel_executor.executor.parallel:loop closed
[0.300s] DEBUG:colcon.colcon_parallel_executor.executor.parallel:run_until_complete finished with '0'
[0.300s] DEBUG:colcon.colcon_core.event_reactor:joining thread
[0.304s] INFO:colcon.colcon_core.plugin_system:Skipping extension 'colcon_notification.desktop_notification.terminal_notifier': Not used on non-Darwin systems
[0.305s] INFO:colcon.colcon_core.plugin_system:Skipping extension 'colcon_notification.desktop_notification.win32': Not used on non-Windows systems
[0.305s] INFO:colcon.colcon_notification.desktop_notification:Sending desktop notification using 'notify2'
[0.315s] DEBUG:colcon.colcon_core.event_reactor:joined thread
[0.315s] INFO:colcon.colcon_core.shell:Creating prefix script '/home/omerb/garp7_ws/install/local_setup.ps1'
[0.316s] INFO:colcon.colcon_core.shell:Creating prefix util module '/home/omerb/garp7_ws/install/_local_setup_util_ps1.py'
[0.317s] INFO:colcon.colcon_core.shell:Creating prefix chain script '/home/omerb/garp7_ws/install/setup.ps1'
[0.318s] INFO:colcon.colcon_core.shell:Creating prefix script '/home/omerb/garp7_ws/install/local_setup.sh'
[0.318s] INFO:colcon.colcon_core.shell:Creating prefix util module '/home/omerb/garp7_ws/install/_local_setup_util_sh.py'
[0.319s] INFO:colcon.colcon_core.shell:Creating prefix chain script '/home/omerb/garp7_ws/install/setup.sh'
[0.320s] INFO:colcon.colcon_core.shell:Creating prefix script '/home/omerb/garp7_ws/install/local_setup.bash'
[0.321s] INFO:colcon.colcon_core.shell:Creating prefix chain script '/home/omerb/garp7_ws/install/setup.bash'
[0.321s] INFO:colcon.colcon_core.shell:Creating prefix script '/home/omerb/garp7_ws/install/local_setup.zsh'
[0.322s] INFO:colcon.colcon_core.shell:Creating prefix chain script '/home/omerb/garp7_ws/install/setup.zsh'
