[0.012s] Invoking command in '/home/omerb/garp7_ws/build/garp_description': CMAKE_PREFIX_PATH=${CMAKE_PREFIX_PATH}:/opt/ros/jazzy DEBUGINFOD_URLS=https://debuginfod.ubuntu.com PS1=\[\e]0;\u@\h: \w\a\]${debian_chroot:+($debian_chroot)}\[\033[01;32m\]\u@\h\[\033[00m\]:\[\033[01;34m\]\w\[\033[00m\]\$ VIRTUAL_ENV_PROMPT=(venv-ardupilot) /usr/bin/cmake /home/omerb/garp7_ws/src/garp_description -DCMAKE_INSTALL_PREFIX=/home/omerb/garp7_ws/install/garp_description
[0.133s] -- The C compiler identification is GNU 13.3.0
[0.219s] -- The CXX compiler identification is GNU 13.3.0
[0.244s] -- Detecting C compiler ABI info
[0.339s] -- Detecting C compiler ABI info - done
[0.348s] -- Check for working C compiler: /usr/lib/ccache/cc - skipped
[0.350s] -- Detecting C compile features
[0.350s] -- Detecting C compile features - done
[0.364s] -- Detecting CXX compiler ABI info
[0.454s] -- Detecting CXX compiler ABI info - done
[0.465s] -- Check for working CXX compiler: /usr/lib/ccache/c++ - skipped
[0.465s] -- Detecting CXX compile features
[0.466s] -- Detecting CXX compile features - done
[0.472s] -- Found ament_cmake: 2.5.4 (/opt/ros/jazzy/share/ament_cmake/cmake)
[0.608s] -- Found Python3: /home/omerb/venv-ardupilot/bin/python3 (found version "3.12.3") found components: Interpreter 
[0.712s] -- Found ament_lint_auto: 0.17.3 (/opt/ros/jazzy/share/ament_lint_auto/cmake)
[0.814s] -- Added test 'flake8' to check Python code syntax and style conventions
[0.814s] -- Configured 'flake8' exclude dirs and/or files: 
[0.815s] -- Added test 'lint_cmake' to check CMake code style
[0.816s] -- Added test 'pep257' to check Python code against some of the docstring style conventions in PEP 257
[0.817s] -- Added test 'xmllint' to check XML markup files
[0.819s] -- Configuring done (0.8s)
[0.821s] -- Generating done (0.0s)
[0.823s] -- Build files have been written to: /home/omerb/garp7_ws/build/garp_description
[0.827s] Invoked command in '/home/omerb/garp7_ws/build/garp_description' returned '0': CMAKE_PREFIX_PATH=${CMAKE_PREFIX_PATH}:/opt/ros/jazzy DEBUGINFOD_URLS=https://debuginfod.ubuntu.com PS1=\[\e]0;\u@\h: \w\a\]${debian_chroot:+($debian_chroot)}\[\033[01;32m\]\u@\h\[\033[00m\]:\[\033[01;34m\]\w\[\033[00m\]\$ VIRTUAL_ENV_PROMPT=(venv-ardupilot) /usr/bin/cmake /home/omerb/garp7_ws/src/garp_description -DCMAKE_INSTALL_PREFIX=/home/omerb/garp7_ws/install/garp_description
[0.829s] Invoking command in '/home/omerb/garp7_ws/build/garp_description': CMAKE_PREFIX_PATH=${CMAKE_PREFIX_PATH}:/opt/ros/jazzy DEBUGINFOD_URLS=https://debuginfod.ubuntu.com PS1=\[\e]0;\u@\h: \w\a\]${debian_chroot:+($debian_chroot)}\[\033[01;32m\]\u@\h\[\033[00m\]:\[\033[01;34m\]\w\[\033[00m\]\$ VIRTUAL_ENV_PROMPT=(venv-ardupilot) /usr/bin/cmake --build /home/omerb/garp7_ws/build/garp_description -- -j16 -l16
[0.867s] Invoked command in '/home/omerb/garp7_ws/build/garp_description' returned '0': CMAKE_PREFIX_PATH=${CMAKE_PREFIX_PATH}:/opt/ros/jazzy DEBUGINFOD_URLS=https://debuginfod.ubuntu.com PS1=\[\e]0;\u@\h: \w\a\]${debian_chroot:+($debian_chroot)}\[\033[01;32m\]\u@\h\[\033[00m\]:\[\033[01;34m\]\w\[\033[00m\]\$ VIRTUAL_ENV_PROMPT=(venv-ardupilot) /usr/bin/cmake --build /home/omerb/garp7_ws/build/garp_description -- -j16 -l16
[0.876s] Invoking command in '/home/omerb/garp7_ws/build/garp_description': CMAKE_PREFIX_PATH=${CMAKE_PREFIX_PATH}:/opt/ros/jazzy DEBUGINFOD_URLS=https://debuginfod.ubuntu.com PS1=\[\e]0;\u@\h: \w\a\]${debian_chroot:+($debian_chroot)}\[\033[01;32m\]\u@\h\[\033[00m\]:\[\033[01;34m\]\w\[\033[00m\]\$ VIRTUAL_ENV_PROMPT=(venv-ardupilot) /usr/bin/cmake --install /home/omerb/garp7_ws/build/garp_description
[0.883s] -- Install configuration: ""
[0.883s] -- Installing: /home/omerb/garp7_ws/install/garp_description/share/garp_description/launch
[0.883s] -- Installing: /home/omerb/garp7_ws/install/garp_description/share/garp_description/launch/display.launch.py
[0.884s] -- Installing: /home/omerb/garp7_ws/install/garp_description/share/garp_description/urdf
[0.884s] -- Installing: /home/omerb/garp7_ws/install/garp_description/share/garp_description/urdf/main.urdf.xacro
[0.884s] -- Installing: /home/omerb/garp7_ws/install/garp_description/share/garp_description/urdf/sensor_extensions.urdf.xacro
[0.884s] -- Installing: /home/omerb/garp7_ws/install/garp_description/share/garp_description/urdf/wheels.urdf.xacro
[0.884s] -- Installing: /home/omerb/garp7_ws/install/garp_description/share/garp_description/config
[0.884s] -- Installing: /home/omerb/garp7_ws/install/garp_description/share/garp_description/config/gz_bridge.yaml
[0.884s] -- Installing: /home/omerb/garp7_ws/install/garp_description/share/garp_description/config/teleop_keyboard.py
[0.884s] -- Installing: /home/omerb/garp7_ws/install/garp_description/share/garp_description/config/g_plugins.urdf.xacro
[0.884s] -- Installing: /home/omerb/garp7_ws/install/garp_description/share/ament_index/resource_index/package_run_dependencies/garp_description
[0.884s] -- Installing: /home/omerb/garp7_ws/install/garp_description/share/ament_index/resource_index/parent_prefix_path/garp_description
[0.885s] -- Installing: /home/omerb/garp7_ws/install/garp_description/share/garp_description/environment/ament_prefix_path.sh
[0.885s] -- Installing: /home/omerb/garp7_ws/install/garp_description/share/garp_description/environment/ament_prefix_path.dsv
[0.885s] -- Installing: /home/omerb/garp7_ws/install/garp_description/share/garp_description/environment/path.sh
[0.885s] -- Installing: /home/omerb/garp7_ws/install/garp_description/share/garp_description/environment/path.dsv
[0.885s] -- Installing: /home/omerb/garp7_ws/install/garp_description/share/garp_description/local_setup.bash
[0.885s] -- Installing: /home/omerb/garp7_ws/install/garp_description/share/garp_description/local_setup.sh
[0.885s] -- Installing: /home/omerb/garp7_ws/install/garp_description/share/garp_description/local_setup.zsh
[0.885s] -- Installing: /home/omerb/garp7_ws/install/garp_description/share/garp_description/local_setup.dsv
[0.886s] -- Installing: /home/omerb/garp7_ws/install/garp_description/share/garp_description/package.dsv
[0.886s] -- Installing: /home/omerb/garp7_ws/install/garp_description/share/ament_index/resource_index/packages/garp_description
[0.886s] -- Installing: /home/omerb/garp7_ws/install/garp_description/share/garp_description/cmake/garp_descriptionConfig.cmake
[0.886s] -- Installing: /home/omerb/garp7_ws/install/garp_description/share/garp_description/cmake/garp_descriptionConfig-version.cmake
[0.886s] -- Installing: /home/omerb/garp7_ws/install/garp_description/share/garp_description/package.xml
[0.887s] Invoked command in '/home/omerb/garp7_ws/build/garp_description' returned '0': CMAKE_PREFIX_PATH=${CMAKE_PREFIX_PATH}:/opt/ros/jazzy DEBUGINFOD_URLS=https://debuginfod.ubuntu.com PS1=\[\e]0;\u@\h: \w\a\]${debian_chroot:+($debian_chroot)}\[\033[01;32m\]\u@\h\[\033[00m\]:\[\033[01;34m\]\w\[\033[00m\]\$ VIRTUAL_ENV_PROMPT=(venv-ardupilot) /usr/bin/cmake --install /home/omerb/garp7_ws/build/garp_description
