-- Install configuration: ""
-- Up-to-date: /home/omerb/garp7_ws/install/garp_simulate/share/garp_simulate//launch
-- Installing: /home/omerb/garp7_ws/install/garp_simulate/share/garp_simulate//launch/my_world.launch.py
-- Up-to-date: /home/omerb/garp7_ws/install/garp_simulate/share/garp_simulate//config
-- Up-to-date: /home/omerb/garp7_ws/install/garp_simulate/share/garp_simulate//config/gz_bridge.yaml
-- Up-to-date: /home/omerb/garp7_ws/install/garp_simulate/share/garp_simulate//worlds
-- Installing: /home/omerb/garp7_ws/install/garp_simulate/share/garp_simulate//worlds/my_world.sdf
-- Up-to-date: /home/omerb/garp7_ws/install/garp_simulate/share/garp_simulate//models
-- Up-to-date: /home/omerb/garp7_ws/install/garp_simulate/share/garp_simulate//models/my_model
-- Installing: /home/omerb/garp7_ws/install/garp_simulate/share/garp_simulate//models/my_model/model.sdf
-- Installing: /home/omerb/garp7_ws/install/garp_simulate/share/garp_simulate//models/my_model/model.config
-- Up-to-date: /home/omerb/garp7_ws/install/garp_simulate/share/ament_index/resource_index/package_run_dependencies/garp_simulate
-- Up-to-date: /home/omerb/garp7_ws/install/garp_simulate/share/ament_index/resource_index/parent_prefix_path/garp_simulate
-- Up-to-date: /home/omerb/garp7_ws/install/garp_simulate/share/garp_simulate/environment/ament_prefix_path.sh
-- Up-to-date: /home/omerb/garp7_ws/install/garp_simulate/share/garp_simulate/environment/ament_prefix_path.dsv
-- Up-to-date: /home/omerb/garp7_ws/install/garp_simulate/share/garp_simulate/environment/path.sh
-- Up-to-date: /home/omerb/garp7_ws/install/garp_simulate/share/garp_simulate/environment/path.dsv
-- Up-to-date: /home/omerb/garp7_ws/install/garp_simulate/share/garp_simulate/local_setup.bash
-- Up-to-date: /home/omerb/garp7_ws/install/garp_simulate/share/garp_simulate/local_setup.sh
-- Up-to-date: /home/omerb/garp7_ws/install/garp_simulate/share/garp_simulate/local_setup.zsh
-- Up-to-date: /home/omerb/garp7_ws/install/garp_simulate/share/garp_simulate/local_setup.dsv
-- Installing: /home/omerb/garp7_ws/install/garp_simulate/share/garp_simulate/package.dsv
-- Up-to-date: /home/omerb/garp7_ws/install/garp_simulate/share/ament_index/resource_index/packages/garp_simulate
-- Up-to-date: /home/omerb/garp7_ws/install/garp_simulate/share/garp_simulate/cmake/garp_simulateConfig.cmake
-- Up-to-date: /home/omerb/garp7_ws/install/garp_simulate/share/garp_simulate/cmake/garp_simulateConfig-version.cmake
-- Up-to-date: /home/omerb/garp7_ws/install/garp_simulate/share/garp_simulate/package.xml
