[0.029s] Invoking command in '/home/omerb/garp11_ws/build/garp_description': CMAKE_PREFIX_PATH=${CMAKE_PREFIX_PATH}:/home/omerb/garp11_ws/install/garp_tools:/home/omerb/garp10_ws/install/garp_tools:/home/omerb/garp9_ws/install/garp_tools:/home/omerb/garp7_ws/install/garp_tools:/opt/ros/jazzy DEBUGINFOD_URLS=https://debuginfod.ubuntu.com PS1=\[\e]0;\u@\h: \w\a\]${debian_chroot:+($debian_chroot)}\[\033[01;32m\]\u@\h\[\033[00m\]:\[\033[01;34m\]\w\[\033[00m\]\$ VIRTUAL_ENV_PROMPT=(venv-ardupilot) /usr/bin/cmake --build /home/omerb/garp11_ws/build/garp_description -- -j16 -l16
[0.358s] Invoked command in '/home/omerb/garp11_ws/build/garp_description' returned '0': CMAKE_PREFIX_PATH=${CMAKE_PREFIX_PATH}:/home/omerb/garp11_ws/install/garp_tools:/home/omerb/garp10_ws/install/garp_tools:/home/omerb/garp9_ws/install/garp_tools:/home/omerb/garp7_ws/install/garp_tools:/opt/ros/jazzy DEBUGINFOD_URLS=https://debuginfod.ubuntu.com PS1=\[\e]0;\u@\h: \w\a\]${debian_chroot:+($debian_chroot)}\[\033[01;32m\]\u@\h\[\033[00m\]:\[\033[01;34m\]\w\[\033[00m\]\$ VIRTUAL_ENV_PROMPT=(venv-ardupilot) /usr/bin/cmake --build /home/omerb/garp11_ws/build/garp_description -- -j16 -l16
[0.374s] Invoking command in '/home/omerb/garp11_ws/build/garp_description': CMAKE_PREFIX_PATH=${CMAKE_PREFIX_PATH}:/home/omerb/garp11_ws/install/garp_tools:/home/omerb/garp10_ws/install/garp_tools:/home/omerb/garp9_ws/install/garp_tools:/home/omerb/garp7_ws/install/garp_tools:/opt/ros/jazzy DEBUGINFOD_URLS=https://debuginfod.ubuntu.com PS1=\[\e]0;\u@\h: \w\a\]${debian_chroot:+($debian_chroot)}\[\033[01;32m\]\u@\h\[\033[00m\]:\[\033[01;34m\]\w\[\033[00m\]\$ VIRTUAL_ENV_PROMPT=(venv-ardupilot) /usr/bin/cmake --install /home/omerb/garp11_ws/build/garp_description
[0.398s] -- Install configuration: ""
[0.398s] -- Up-to-date: /home/omerb/garp11_ws/install/garp_description/share/garp_description/launch
[0.399s] -- Up-to-date: /home/omerb/garp11_ws/install/garp_description/share/garp_description/launch/display.launch.py
[0.399s] -- Up-to-date: /home/omerb/garp11_ws/install/garp_description/share/garp_description/urdf
[0.399s] -- Up-to-date: /home/omerb/garp11_ws/install/garp_description/share/garp_description/urdf/main.urdf.xacro
[0.399s] -- Up-to-date: /home/omerb/garp11_ws/install/garp_description/share/garp_description/urdf/sensor_extensions.urdf.xacro
[0.399s] -- Up-to-date: /home/omerb/garp11_ws/install/garp_description/share/garp_description/urdf/wheels.urdf.xacro
[0.399s] -- Up-to-date: /home/omerb/garp11_ws/install/garp_description/share/garp_description/config
[0.399s] -- Up-to-date: /home/omerb/garp11_ws/install/garp_description/share/garp_description/config/gz_bridge.yaml
[0.400s] -- Up-to-date: /home/omerb/garp11_ws/install/garp_description/share/garp_description/config/teleop_keyboard.py
[0.401s] -- Up-to-date: /home/omerb/garp11_ws/install/garp_description/share/garp_description/config/g_plugins.urdf.xacro
[0.401s] -- Up-to-date: /home/omerb/garp11_ws/install/garp_description/share/ament_index/resource_index/package_run_dependencies/garp_description
[0.401s] -- Up-to-date: /home/omerb/garp11_ws/install/garp_description/share/ament_index/resource_index/parent_prefix_path/garp_description
[0.402s] -- Up-to-date: /home/omerb/garp11_ws/install/garp_description/share/garp_description/environment/ament_prefix_path.sh
[0.402s] -- Up-to-date: /home/omerb/garp11_ws/install/garp_description/share/garp_description/environment/ament_prefix_path.dsv
[0.402s] -- Up-to-date: /home/omerb/garp11_ws/install/garp_description/share/garp_description/environment/path.sh
[0.403s] -- Up-to-date: /home/omerb/garp11_ws/install/garp_description/share/garp_description/environment/path.dsv
[0.404s] -- Up-to-date: /home/omerb/garp11_ws/install/garp_description/share/garp_description/local_setup.bash
[0.405s] -- Up-to-date: /home/omerb/garp11_ws/install/garp_description/share/garp_description/local_setup.sh
[0.406s] -- Up-to-date: /home/omerb/garp11_ws/install/garp_description/share/garp_description/local_setup.zsh
[0.406s] -- Up-to-date: /home/omerb/garp11_ws/install/garp_description/share/garp_description/local_setup.dsv
[0.406s] -- Up-to-date: /home/omerb/garp11_ws/install/garp_description/share/garp_description/package.dsv
[0.407s] -- Up-to-date: /home/omerb/garp11_ws/install/garp_description/share/ament_index/resource_index/packages/garp_description
[0.407s] -- Up-to-date: /home/omerb/garp11_ws/install/garp_description/share/garp_description/cmake/garp_descriptionConfig.cmake
[0.407s] -- Up-to-date: /home/omerb/garp11_ws/install/garp_description/share/garp_description/cmake/garp_descriptionConfig-version.cmake
[0.407s] -- Up-to-date: /home/omerb/garp11_ws/install/garp_description/share/garp_description/package.xml
[0.420s] Invoked command in '/home/omerb/garp11_ws/build/garp_description' returned '0': CMAKE_PREFIX_PATH=${CMAKE_PREFIX_PATH}:/home/omerb/garp11_ws/install/garp_tools:/home/omerb/garp10_ws/install/garp_tools:/home/omerb/garp9_ws/install/garp_tools:/home/omerb/garp7_ws/install/garp_tools:/opt/ros/jazzy DEBUGINFOD_URLS=https://debuginfod.ubuntu.com PS1=\[\e]0;\u@\h: \w\a\]${debian_chroot:+($debian_chroot)}\[\033[01;32m\]\u@\h\[\033[00m\]:\[\033[01;34m\]\w\[\033[00m\]\$ VIRTUAL_ENV_PROMPT=(venv-ardupilot) /usr/bin/cmake --install /home/omerb/garp11_ws/build/garp_description
