[0.033s] Invoking command in '/home/omerb/garp7_ws/build/garp_simulate': CMAKE_PREFIX_PATH=${CMAKE_PREFIX_PATH}:/home/omerb/garp7_ws/install/garp_tools:/opt/ros/jazzy DEBUGINFOD_URLS=https://debuginfod.ubuntu.com PS1=\[\e]0;\u@\h: \w\a\]${debian_chroot:+($debian_chroot)}\[\033[01;32m\]\u@\h\[\033[00m\]:\[\033[01;34m\]\w\[\033[00m\]\$ VIRTUAL_ENV_PROMPT=(venv-ardupilot) /usr/bin/cmake --build /home/omerb/garp7_ws/build/garp_simulate -- -j16 -l16
[0.500s] Invoked command in '/home/omerb/garp7_ws/build/garp_simulate' returned '0': CMAKE_PREFIX_PATH=${CMAKE_PREFIX_PATH}:/home/omerb/garp7_ws/install/garp_tools:/opt/ros/jazzy DEBUGINFOD_URLS=https://debuginfod.ubuntu.com PS1=\[\e]0;\u@\h: \w\a\]${debian_chroot:+($debian_chroot)}\[\033[01;32m\]\u@\h\[\033[00m\]:\[\033[01;34m\]\w\[\033[00m\]\$ VIRTUAL_ENV_PROMPT=(venv-ardupilot) /usr/bin/cmake --build /home/omerb/garp7_ws/build/garp_simulate -- -j16 -l16
[0.502s] Invoking command in '/home/omerb/garp7_ws/build/garp_simulate': CMAKE_PREFIX_PATH=${CMAKE_PREFIX_PATH}:/home/omerb/garp7_ws/install/garp_tools:/opt/ros/jazzy DEBUGINFOD_URLS=https://debuginfod.ubuntu.com PS1=\[\e]0;\u@\h: \w\a\]${debian_chroot:+($debian_chroot)}\[\033[01;32m\]\u@\h\[\033[00m\]:\[\033[01;34m\]\w\[\033[00m\]\$ VIRTUAL_ENV_PROMPT=(venv-ardupilot) /usr/bin/cmake --install /home/omerb/garp7_ws/build/garp_simulate
[0.519s] -- Install configuration: ""
[0.519s] -- Up-to-date: /home/omerb/garp7_ws/install/garp_simulate/share/garp_simulate//launch
[0.519s] -- Up-to-date: /home/omerb/garp7_ws/install/garp_simulate/share/garp_simulate//launch/my_world.launch.py
[0.520s] -- Up-to-date: /home/omerb/garp7_ws/install/garp_simulate/share/garp_simulate//config
[0.520s] -- Up-to-date: /home/omerb/garp7_ws/install/garp_simulate/share/garp_simulate//worlds
[0.520s] -- Up-to-date: /home/omerb/garp7_ws/install/garp_simulate/share/garp_simulate//worlds/my_world.sdf
[0.520s] -- Up-to-date: /home/omerb/garp7_ws/install/garp_simulate/share/garp_simulate//models
[0.520s] -- Up-to-date: /home/omerb/garp7_ws/install/garp_simulate/share/garp_simulate//models/my_model
[0.520s] -- Up-to-date: /home/omerb/garp7_ws/install/garp_simulate/share/garp_simulate//models/my_model/model.sdf
[0.520s] -- Up-to-date: /home/omerb/garp7_ws/install/garp_simulate/share/garp_simulate//models/my_model/model.config
[0.520s] -- Up-to-date: /home/omerb/garp7_ws/install/garp_simulate/share/ament_index/resource_index/package_run_dependencies/garp_simulate
[0.521s] -- Up-to-date: /home/omerb/garp7_ws/install/garp_simulate/share/ament_index/resource_index/parent_prefix_path/garp_simulate
[0.521s] -- Up-to-date: /home/omerb/garp7_ws/install/garp_simulate/share/garp_simulate/environment/ament_prefix_path.sh
[0.521s] -- Up-to-date: /home/omerb/garp7_ws/install/garp_simulate/share/garp_simulate/environment/ament_prefix_path.dsv
[0.521s] -- Up-to-date: /home/omerb/garp7_ws/install/garp_simulate/share/garp_simulate/environment/path.sh
[0.521s] -- Up-to-date: /home/omerb/garp7_ws/install/garp_simulate/share/garp_simulate/environment/path.dsv
[0.521s] -- Up-to-date: /home/omerb/garp7_ws/install/garp_simulate/share/garp_simulate/local_setup.bash
[0.521s] -- Up-to-date: /home/omerb/garp7_ws/install/garp_simulate/share/garp_simulate/local_setup.sh
[0.521s] -- Up-to-date: /home/omerb/garp7_ws/install/garp_simulate/share/garp_simulate/local_setup.zsh
[0.521s] -- Up-to-date: /home/omerb/garp7_ws/install/garp_simulate/share/garp_simulate/local_setup.dsv
[0.522s] -- Up-to-date: /home/omerb/garp7_ws/install/garp_simulate/share/garp_simulate/package.dsv
[0.522s] -- Up-to-date: /home/omerb/garp7_ws/install/garp_simulate/share/ament_index/resource_index/packages/garp_simulate
[0.522s] -- Up-to-date: /home/omerb/garp7_ws/install/garp_simulate/share/garp_simulate/cmake/garp_simulateConfig.cmake
[0.522s] -- Up-to-date: /home/omerb/garp7_ws/install/garp_simulate/share/garp_simulate/cmake/garp_simulateConfig-version.cmake
[0.522s] -- Up-to-date: /home/omerb/garp7_ws/install/garp_simulate/share/garp_simulate/package.xml
[0.557s] Invoked command in '/home/omerb/garp7_ws/build/garp_simulate' returned '0': CMAKE_PREFIX_PATH=${CMAKE_PREFIX_PATH}:/home/omerb/garp7_ws/install/garp_tools:/opt/ros/jazzy DEBUGINFOD_URLS=https://debuginfod.ubuntu.com PS1=\[\e]0;\u@\h: \w\a\]${debian_chroot:+($debian_chroot)}\[\033[01;32m\]\u@\h\[\033[00m\]:\[\033[01;34m\]\w\[\033[00m\]\$ VIRTUAL_ENV_PROMPT=(venv-ardupilot) /usr/bin/cmake --install /home/omerb/garp7_ws/build/garp_simulate
