[0.062s] DEBUG:colcon:Command line arguments: ['/usr/bin/colcon', 'build']
[0.062s] DEBUG:colcon:Parsed command line arguments: Namespace(log_base=None, log_level=None, verb_name='build', build_base='build', install_base='install', merge_install=False, symlink_install=False, test_result_base=None, continue_on_error=False, executor='parallel', parallel_workers=16, event_handlers=None, ignore_user_meta=False, metas=['./colcon.meta'], base_paths=['.'], packages_ignore=None, packages_ignore_regex=None, paths=None, packages_up_to=None, packages_up_to_regex=None, packages_above=None, packages_above_and_dependencies=None, packages_above_depth=None, packages_select_by_dep=None, packages_skip_by_dep=None, packages_skip_up_to=None, packages_select_build_failed=False, packages_skip_build_finished=False, packages_select_test_failures=False, packages_skip_test_passed=False, packages_select=None, packages_skip=None, packages_select_regex=None, packages_skip_regex=None, packages_start=None, packages_end=None, allow_overriding=[], cmake_args=None, cmake_target=None, cmake_target_skip_unavailable=False, cmake_clean_cache=False, cmake_clean_first=False, cmake_force_configure=False, ament_cmake_args=None, catkin_cmake_args=None, catkin_skip_building_tests=False, mixin_files=None, mixin=None, verb_parser=<colcon_mixin.mixin.mixin_argument.MixinArgumentDecorator object at 0x72bf338ad280>, verb_extension=<colcon_core.verb.build.BuildVerb object at 0x72bf339d56a0>, main=<bound method BuildVerb.main of <colcon_core.verb.build.BuildVerb object at 0x72bf339d56a0>>, mixin_verb=('build',))
[0.085s] Level 1:colcon.colcon_core.package_discovery:discover_packages(colcon_meta) check parameters
[0.085s] Level 1:colcon.colcon_core.package_discovery:discover_packages(recursive) check parameters
[0.085s] Level 1:colcon.colcon_core.package_discovery:discover_packages(ignore) check parameters
[0.086s] Level 1:colcon.colcon_core.package_discovery:discover_packages(path) check parameters
[0.086s] Level 1:colcon.colcon_core.package_discovery:discover_packages(colcon_meta) discover
[0.086s] Level 1:colcon.colcon_core.package_discovery:discover_packages(recursive) discover
[0.086s] INFO:colcon.colcon_core.package_discovery:Crawling recursively for packages in '/home/omerb/garp7-8_ws'
[0.086s] Level 1:colcon.colcon_core.package_identification:_identify(.) by extensions ['ignore', 'ignore_ament_install']
[0.086s] Level 1:colcon.colcon_core.package_identification:_identify(.) by extension 'ignore'
[0.086s] Level 1:colcon.colcon_core.package_identification:_identify(.) by extension 'ignore_ament_install'
[0.086s] Level 1:colcon.colcon_core.package_identification:_identify(.) by extensions ['colcon_pkg']
[0.086s] Level 1:colcon.colcon_core.package_identification:_identify(.) by extension 'colcon_pkg'
[0.086s] Level 1:colcon.colcon_core.package_identification:_identify(.) by extensions ['colcon_meta']
[0.086s] Level 1:colcon.colcon_core.package_identification:_identify(.) by extension 'colcon_meta'
[0.086s] Level 1:colcon.colcon_core.package_identification:_identify(.) by extensions ['ros']
[0.086s] Level 1:colcon.colcon_core.package_identification:_identify(.) by extension 'ros'
[0.102s] Level 1:colcon.colcon_core.package_identification:_identify(.) by extensions ['cmake', 'python']
[0.103s] Level 1:colcon.colcon_core.package_identification:_identify(.) by extension 'cmake'
[0.103s] Level 1:colcon.colcon_core.package_identification:_identify(.) by extension 'python'
[0.103s] Level 1:colcon.colcon_core.package_identification:_identify(.) by extensions ['python_setup_py']
[0.103s] Level 1:colcon.colcon_core.package_identification:_identify(.) by extension 'python_setup_py'
[0.103s] Level 1:colcon.colcon_core.package_identification:_identify(build) by extensions ['ignore', 'ignore_ament_install']
[0.103s] Level 1:colcon.colcon_core.package_identification:_identify(build) by extension 'ignore'
[0.103s] Level 1:colcon.colcon_core.package_identification:_identify(build) ignored
[0.103s] Level 1:colcon.colcon_core.package_identification:_identify(install) by extensions ['ignore', 'ignore_ament_install']
[0.103s] Level 1:colcon.colcon_core.package_identification:_identify(install) by extension 'ignore'
[0.103s] Level 1:colcon.colcon_core.package_identification:_identify(install) ignored
[0.103s] Level 1:colcon.colcon_core.package_identification:_identify(log) by extensions ['ignore', 'ignore_ament_install']
[0.103s] Level 1:colcon.colcon_core.package_identification:_identify(log) by extension 'ignore'
[0.103s] Level 1:colcon.colcon_core.package_identification:_identify(log) ignored
[0.103s] Level 1:colcon.colcon_core.package_identification:_identify(src) by extensions ['ignore', 'ignore_ament_install']
[0.103s] Level 1:colcon.colcon_core.package_identification:_identify(src) by extension 'ignore'
[0.103s] Level 1:colcon.colcon_core.package_identification:_identify(src) by extension 'ignore_ament_install'
[0.103s] Level 1:colcon.colcon_core.package_identification:_identify(src) by extensions ['colcon_pkg']
[0.103s] Level 1:colcon.colcon_core.package_identification:_identify(src) by extension 'colcon_pkg'
[0.103s] Level 1:colcon.colcon_core.package_identification:_identify(src) by extensions ['colcon_meta']
[0.103s] Level 1:colcon.colcon_core.package_identification:_identify(src) by extension 'colcon_meta'
[0.103s] Level 1:colcon.colcon_core.package_identification:_identify(src) by extensions ['ros']
[0.103s] Level 1:colcon.colcon_core.package_identification:_identify(src) by extension 'ros'
[0.103s] Level 1:colcon.colcon_core.package_identification:_identify(src) by extensions ['cmake', 'python']
[0.103s] Level 1:colcon.colcon_core.package_identification:_identify(src) by extension 'cmake'
[0.103s] Level 1:colcon.colcon_core.package_identification:_identify(src) by extension 'python'
[0.103s] Level 1:colcon.colcon_core.package_identification:_identify(src) by extensions ['python_setup_py']
[0.103s] Level 1:colcon.colcon_core.package_identification:_identify(src) by extension 'python_setup_py'
[0.103s] Level 1:colcon.colcon_core.package_identification:_identify(src/garp_description) by extensions ['ignore', 'ignore_ament_install']
[0.103s] Level 1:colcon.colcon_core.package_identification:_identify(src/garp_description) by extension 'ignore'
[0.103s] Level 1:colcon.colcon_core.package_identification:_identify(src/garp_description) by extension 'ignore_ament_install'
[0.103s] Level 1:colcon.colcon_core.package_identification:_identify(src/garp_description) by extensions ['colcon_pkg']
[0.103s] Level 1:colcon.colcon_core.package_identification:_identify(src/garp_description) by extension 'colcon_pkg'
[0.104s] Level 1:colcon.colcon_core.package_identification:_identify(src/garp_description) by extensions ['colcon_meta']
[0.104s] Level 1:colcon.colcon_core.package_identification:_identify(src/garp_description) by extension 'colcon_meta'
[0.104s] Level 1:colcon.colcon_core.package_identification:_identify(src/garp_description) by extensions ['ros']
[0.104s] Level 1:colcon.colcon_core.package_identification:_identify(src/garp_description) by extension 'ros'
[0.105s] DEBUG:colcon.colcon_core.package_identification:Package 'src/garp_description' with type 'ros.ament_cmake' and name 'garp_description'
[0.105s] Level 1:colcon.colcon_core.package_identification:_identify(src/garp_simulate) by extensions ['ignore', 'ignore_ament_install']
[0.105s] Level 1:colcon.colcon_core.package_identification:_identify(src/garp_simulate) by extension 'ignore'
[0.105s] Level 1:colcon.colcon_core.package_identification:_identify(src/garp_simulate) by extension 'ignore_ament_install'
[0.105s] Level 1:colcon.colcon_core.package_identification:_identify(src/garp_simulate) by extensions ['colcon_pkg']
[0.105s] Level 1:colcon.colcon_core.package_identification:_identify(src/garp_simulate) by extension 'colcon_pkg'
[0.105s] Level 1:colcon.colcon_core.package_identification:_identify(src/garp_simulate) by extensions ['colcon_meta']
[0.105s] Level 1:colcon.colcon_core.package_identification:_identify(src/garp_simulate) by extension 'colcon_meta'
[0.105s] Level 1:colcon.colcon_core.package_identification:_identify(src/garp_simulate) by extensions ['ros']
[0.105s] Level 1:colcon.colcon_core.package_identification:_identify(src/garp_simulate) by extension 'ros'
[0.106s] DEBUG:colcon.colcon_core.package_identification:Package 'src/garp_simulate' with type 'ros.ament_cmake' and name 'garp_simulate'
[0.106s] Level 1:colcon.colcon_core.package_identification:_identify(src/garp_tools) by extensions ['ignore', 'ignore_ament_install']
[0.106s] Level 1:colcon.colcon_core.package_identification:_identify(src/garp_tools) by extension 'ignore'
[0.106s] Level 1:colcon.colcon_core.package_identification:_identify(src/garp_tools) by extension 'ignore_ament_install'
[0.106s] Level 1:colcon.colcon_core.package_identification:_identify(src/garp_tools) by extensions ['colcon_pkg']
[0.106s] Level 1:colcon.colcon_core.package_identification:_identify(src/garp_tools) by extension 'colcon_pkg'
[0.106s] Level 1:colcon.colcon_core.package_identification:_identify(src/garp_tools) by extensions ['colcon_meta']
[0.106s] Level 1:colcon.colcon_core.package_identification:_identify(src/garp_tools) by extension 'colcon_meta'
[0.106s] Level 1:colcon.colcon_core.package_identification:_identify(src/garp_tools) by extensions ['ros']
[0.106s] Level 1:colcon.colcon_core.package_identification:_identify(src/garp_tools) by extension 'ros'
[0.106s] DEBUG:colcon.colcon_core.package_identification:Package 'src/garp_tools' with type 'ros.ament_python' and name 'garp_tools'
[0.106s] Level 1:colcon.colcon_core.package_discovery:discover_packages(recursive) using defaults
[0.106s] Level 1:colcon.colcon_core.package_discovery:discover_packages(ignore) discover
[0.106s] Level 1:colcon.colcon_core.package_discovery:discover_packages(ignore) using defaults
[0.106s] Level 1:colcon.colcon_core.package_discovery:discover_packages(path) discover
[0.106s] Level 1:colcon.colcon_core.package_discovery:discover_packages(path) using defaults
[0.118s] Level 1:colcon.colcon_core.package_discovery:discover_packages(prefix_path) check parameters
[0.118s] Level 1:colcon.colcon_core.package_discovery:discover_packages(prefix_path) discover
[0.119s] WARNING:colcon.colcon_core.prefix_path.colcon:The path '/home/omerb/garp7_ws/install' in the environment variable COLCON_PREFIX_PATH doesn't exist
[0.119s] WARNING:colcon.colcon_ros.prefix_path.ament:The path '/home/omerb/garp7_ws/install/garp_tools' in the environment variable AMENT_PREFIX_PATH doesn't exist
[0.119s] WARNING:colcon.colcon_ros.prefix_path.ament:The path '/home/omerb/garp7_ws/install/garp_simulate' in the environment variable AMENT_PREFIX_PATH doesn't exist
[0.119s] WARNING:colcon.colcon_ros.prefix_path.ament:The path '/home/omerb/garp7_ws/install/garp_description' in the environment variable AMENT_PREFIX_PATH doesn't exist
[0.119s] WARNING:colcon.colcon_ros.prefix_path.catkin:The path '/home/omerb/garp7_ws/install/garp_simulate' in the environment variable CMAKE_PREFIX_PATH doesn't exist
[0.119s] WARNING:colcon.colcon_ros.prefix_path.catkin:The path '/home/omerb/garp7_ws/install/garp_description' in the environment variable CMAKE_PREFIX_PATH doesn't exist
[0.120s] DEBUG:colcon.colcon_installed_package_information.package_discovery:Found 1 installed packages in /home/omerb/ardupilot_gazebo/install
[0.121s] DEBUG:colcon.colcon_installed_package_information.package_discovery:Found 387 installed packages in /opt/ros/jazzy
[0.123s] Level 1:colcon.colcon_core.package_discovery:discover_packages(prefix_path) using defaults
[0.156s] Level 5:colcon.colcon_core.verb:set package 'garp_description' build argument 'cmake_args' from command line to 'None'
[0.156s] Level 5:colcon.colcon_core.verb:set package 'garp_description' build argument 'cmake_target' from command line to 'None'
[0.156s] Level 5:colcon.colcon_core.verb:set package 'garp_description' build argument 'cmake_target_skip_unavailable' from command line to 'False'
[0.156s] Level 5:colcon.colcon_core.verb:set package 'garp_description' build argument 'cmake_clean_cache' from command line to 'False'
[0.156s] Level 5:colcon.colcon_core.verb:set package 'garp_description' build argument 'cmake_clean_first' from command line to 'False'
[0.156s] Level 5:colcon.colcon_core.verb:set package 'garp_description' build argument 'cmake_force_configure' from command line to 'False'
[0.156s] Level 5:colcon.colcon_core.verb:set package 'garp_description' build argument 'ament_cmake_args' from command line to 'None'
[0.156s] Level 5:colcon.colcon_core.verb:set package 'garp_description' build argument 'catkin_cmake_args' from command line to 'None'
[0.156s] Level 5:colcon.colcon_core.verb:set package 'garp_description' build argument 'catkin_skip_building_tests' from command line to 'False'
[0.156s] DEBUG:colcon.colcon_core.verb:Building package 'garp_description' with the following arguments: {'ament_cmake_args': None, 'build_base': '/home/omerb/garp7-8_ws/build/garp_description', 'catkin_cmake_args': None, 'catkin_skip_building_tests': False, 'cmake_args': None, 'cmake_clean_cache': False, 'cmake_clean_first': False, 'cmake_force_configure': False, 'cmake_target': None, 'cmake_target_skip_unavailable': False, 'install_base': '/home/omerb/garp7-8_ws/install/garp_description', 'merge_install': False, 'path': '/home/omerb/garp7-8_ws/src/garp_description', 'symlink_install': False, 'test_result_base': None}
[0.157s] Level 5:colcon.colcon_core.verb:set package 'garp_simulate' build argument 'cmake_args' from command line to 'None'
[0.157s] Level 5:colcon.colcon_core.verb:set package 'garp_simulate' build argument 'cmake_target' from command line to 'None'
[0.157s] Level 5:colcon.colcon_core.verb:set package 'garp_simulate' build argument 'cmake_target_skip_unavailable' from command line to 'False'
[0.157s] Level 5:colcon.colcon_core.verb:set package 'garp_simulate' build argument 'cmake_clean_cache' from command line to 'False'
[0.157s] Level 5:colcon.colcon_core.verb:set package 'garp_simulate' build argument 'cmake_clean_first' from command line to 'False'
[0.157s] Level 5:colcon.colcon_core.verb:set package 'garp_simulate' build argument 'cmake_force_configure' from command line to 'False'
[0.157s] Level 5:colcon.colcon_core.verb:set package 'garp_simulate' build argument 'ament_cmake_args' from command line to 'None'
[0.157s] Level 5:colcon.colcon_core.verb:set package 'garp_simulate' build argument 'catkin_cmake_args' from command line to 'None'
[0.157s] Level 5:colcon.colcon_core.verb:set package 'garp_simulate' build argument 'catkin_skip_building_tests' from command line to 'False'
[0.157s] DEBUG:colcon.colcon_core.verb:Building package 'garp_simulate' with the following arguments: {'ament_cmake_args': None, 'build_base': '/home/omerb/garp7-8_ws/build/garp_simulate', 'catkin_cmake_args': None, 'catkin_skip_building_tests': False, 'cmake_args': None, 'cmake_clean_cache': False, 'cmake_clean_first': False, 'cmake_force_configure': False, 'cmake_target': None, 'cmake_target_skip_unavailable': False, 'install_base': '/home/omerb/garp7-8_ws/install/garp_simulate', 'merge_install': False, 'path': '/home/omerb/garp7-8_ws/src/garp_simulate', 'symlink_install': False, 'test_result_base': None}
[0.157s] Level 5:colcon.colcon_core.verb:set package 'garp_tools' build argument 'cmake_args' from command line to 'None'
[0.157s] Level 5:colcon.colcon_core.verb:set package 'garp_tools' build argument 'cmake_target' from command line to 'None'
[0.157s] Level 5:colcon.colcon_core.verb:set package 'garp_tools' build argument 'cmake_target_skip_unavailable' from command line to 'False'
[0.157s] Level 5:colcon.colcon_core.verb:set package 'garp_tools' build argument 'cmake_clean_cache' from command line to 'False'
[0.157s] Level 5:colcon.colcon_core.verb:set package 'garp_tools' build argument 'cmake_clean_first' from command line to 'False'
[0.157s] Level 5:colcon.colcon_core.verb:set package 'garp_tools' build argument 'cmake_force_configure' from command line to 'False'
[0.157s] Level 5:colcon.colcon_core.verb:set package 'garp_tools' build argument 'ament_cmake_args' from command line to 'None'
[0.157s] Level 5:colcon.colcon_core.verb:set package 'garp_tools' build argument 'catkin_cmake_args' from command line to 'None'
[0.157s] Level 5:colcon.colcon_core.verb:set package 'garp_tools' build argument 'catkin_skip_building_tests' from command line to 'False'
[0.157s] DEBUG:colcon.colcon_core.verb:Building package 'garp_tools' with the following arguments: {'ament_cmake_args': None, 'build_base': '/home/omerb/garp7-8_ws/build/garp_tools', 'catkin_cmake_args': None, 'catkin_skip_building_tests': False, 'cmake_args': None, 'cmake_clean_cache': False, 'cmake_clean_first': False, 'cmake_force_configure': False, 'cmake_target': None, 'cmake_target_skip_unavailable': False, 'install_base': '/home/omerb/garp7-8_ws/install/garp_tools', 'merge_install': False, 'path': '/home/omerb/garp7-8_ws/src/garp_tools', 'symlink_install': False, 'test_result_base': None}
[0.157s] INFO:colcon.colcon_core.executor:Executing jobs using 'parallel' executor
[0.158s] DEBUG:colcon.colcon_parallel_executor.executor.parallel:run_until_complete
[0.158s] INFO:colcon.colcon_ros.task.ament_cmake.build:Building ROS package in '/home/omerb/garp7-8_ws/src/garp_description' with build type 'ament_cmake'
[0.158s] INFO:colcon.colcon_cmake.task.cmake.build:Building CMake package in '/home/omerb/garp7-8_ws/src/garp_description'
[0.160s] INFO:colcon.colcon_core.plugin_system:Skipping extension 'colcon_core.shell.bat': Not used on non-Windows systems
[0.161s] INFO:colcon.colcon_core.shell:Skip shell extension 'powershell' for command environment: Not usable outside of PowerShell
[0.161s] DEBUG:colcon.colcon_core.shell:Skip shell extension 'dsv' for command environment
[0.164s] INFO:colcon.colcon_ros.task.ament_cmake.build:Building ROS package in '/home/omerb/garp7-8_ws/src/garp_simulate' with build type 'ament_cmake'
[0.164s] INFO:colcon.colcon_cmake.task.cmake.build:Building CMake package in '/home/omerb/garp7-8_ws/src/garp_simulate'
[0.165s] INFO:colcon.colcon_core.shell:Skip shell extension 'powershell' for command environment: Not usable outside of PowerShell
[0.165s] DEBUG:colcon.colcon_core.shell:Skip shell extension 'dsv' for command environment
[0.167s] INFO:colcon.colcon_ros.task.ament_python.build:Building ROS package in '/home/omerb/garp7-8_ws/src/garp_tools' with build type 'ament_python'
[0.168s] Level 1:colcon.colcon_core.shell:create_environment_hook('garp_tools', 'ament_prefix_path')
[0.168s] INFO:colcon.colcon_core.shell:Creating environment hook '/home/omerb/garp7-8_ws/install/garp_tools/share/garp_tools/hook/ament_prefix_path.ps1'
[0.168s] INFO:colcon.colcon_core.shell:Creating environment descriptor '/home/omerb/garp7-8_ws/install/garp_tools/share/garp_tools/hook/ament_prefix_path.dsv'
[0.169s] INFO:colcon.colcon_core.shell:Creating environment hook '/home/omerb/garp7-8_ws/install/garp_tools/share/garp_tools/hook/ament_prefix_path.sh'
[0.169s] INFO:colcon.colcon_core.shell:Skip shell extension 'powershell' for command environment: Not usable outside of PowerShell
[0.169s] DEBUG:colcon.colcon_core.shell:Skip shell extension 'dsv' for command environment
[0.175s] DEBUG:colcon.colcon_core.event_handler.log_command:Invoking command in '/home/omerb/garp7-8_ws/build/garp_description': CMAKE_PREFIX_PATH=${CMAKE_PREFIX_PATH}:/home/omerb/garp7_ws/install/garp_tools:/opt/ros/jazzy DEBUGINFOD_URLS=https://debuginfod.ubuntu.com PS1=\[\e]0;\u@\h: \w\a\]${debian_chroot:+($debian_chroot)}\[\033[01;32m\]\u@\h\[\033[00m\]:\[\033[01;34m\]\w\[\033[00m\]\$ VIRTUAL_ENV_PROMPT=(venv-ardupilot) /usr/bin/cmake --build /home/omerb/garp7-8_ws/build/garp_description -- -j16 -l16
[0.178s] DEBUG:colcon.colcon_core.event_handler.log_command:Invoking command in '/home/omerb/garp7-8_ws/build/garp_simulate': CMAKE_PREFIX_PATH=${CMAKE_PREFIX_PATH}:/home/omerb/garp7_ws/install/garp_tools:/opt/ros/jazzy DEBUGINFOD_URLS=https://debuginfod.ubuntu.com PS1=\[\e]0;\u@\h: \w\a\]${debian_chroot:+($debian_chroot)}\[\033[01;32m\]\u@\h\[\033[00m\]:\[\033[01;34m\]\w\[\033[00m\]\$ VIRTUAL_ENV_PROMPT=(venv-ardupilot) /usr/bin/cmake --build /home/omerb/garp7-8_ws/build/garp_simulate -- -j16 -l16
[0.336s] INFO:colcon.colcon_core.task.python.build:Building Python package in '/home/omerb/garp7-8_ws/src/garp_tools'
[0.336s] INFO:colcon.colcon_core.shell:Skip shell extension 'powershell' for command environment: Not usable outside of PowerShell
[0.336s] DEBUG:colcon.colcon_core.shell:Skip shell extension 'dsv' for command environment
[0.341s] DEBUG:colcon.colcon_core.event_handler.log_command:Invoked command in '/home/omerb/garp7-8_ws/build/garp_description' returned '2': CMAKE_PREFIX_PATH=${CMAKE_PREFIX_PATH}:/home/omerb/garp7_ws/install/garp_tools:/opt/ros/jazzy DEBUGINFOD_URLS=https://debuginfod.ubuntu.com PS1=\[\e]0;\u@\h: \w\a\]${debian_chroot:+($debian_chroot)}\[\033[01;32m\]\u@\h\[\033[00m\]:\[\033[01;34m\]\w\[\033[00m\]\$ VIRTUAL_ENV_PROMPT=(venv-ardupilot) /usr/bin/cmake --build /home/omerb/garp7-8_ws/build/garp_description -- -j16 -l16
[0.341s] Level 1:colcon.colcon_core.environment:create_environment_scripts_only(garp_description)
[0.343s] Level 1:colcon.colcon_core.environment:checking '/home/omerb/garp7-8_ws/install/garp_description' for CMake module files
[0.343s] Level 1:colcon.colcon_core.environment:checking '/home/omerb/garp7-8_ws/install/garp_description' for CMake config files
[0.343s] Level 1:colcon.colcon_core.shell:create_environment_hook('garp_description', 'cmake_prefix_path')
[0.343s] INFO:colcon.colcon_core.shell:Creating environment hook '/home/omerb/garp7-8_ws/install/garp_description/share/garp_description/hook/cmake_prefix_path.ps1'
[0.343s] INFO:colcon.colcon_core.shell:Creating environment descriptor '/home/omerb/garp7-8_ws/install/garp_description/share/garp_description/hook/cmake_prefix_path.dsv'
[0.344s] INFO:colcon.colcon_core.shell:Creating environment hook '/home/omerb/garp7-8_ws/install/garp_description/share/garp_description/hook/cmake_prefix_path.sh'
[0.344s] Level 1:colcon.colcon_core.environment:checking '/home/omerb/garp7-8_ws/install/garp_description/bin'
[0.344s] Level 1:colcon.colcon_core.environment:checking '/home/omerb/garp7-8_ws/install/garp_description/lib/pkgconfig/garp_description.pc'
[0.344s] Level 1:colcon.colcon_core.environment:checking '/home/omerb/garp7-8_ws/install/garp_description/lib/python3.12/site-packages'
[0.345s] Level 1:colcon.colcon_core.environment:checking '/home/omerb/garp7-8_ws/install/garp_description/bin'
[0.345s] INFO:colcon.colcon_core.shell:Creating package script '/home/omerb/garp7-8_ws/install/garp_description/share/garp_description/package.ps1'
[0.345s] INFO:colcon.colcon_core.shell:Creating package descriptor '/home/omerb/garp7-8_ws/install/garp_description/share/garp_description/package.dsv'
[0.346s] INFO:colcon.colcon_core.shell:Creating package script '/home/omerb/garp7-8_ws/install/garp_description/share/garp_description/package.sh'
[0.346s] INFO:colcon.colcon_core.shell:Creating package script '/home/omerb/garp7-8_ws/install/garp_description/share/garp_description/package.bash'
[0.347s] INFO:colcon.colcon_core.shell:Creating package script '/home/omerb/garp7-8_ws/install/garp_description/share/garp_description/package.zsh'
[0.347s] Level 1:colcon.colcon_core.environment:create_file_with_runtime_dependencies(/home/omerb/garp7-8_ws/install/garp_description/share/colcon-core/packages/garp_description)
[0.358s] DEBUG:colcon.colcon_parallel_executor.executor.parallel:closing loop
[0.358s] DEBUG:colcon.colcon_parallel_executor.executor.parallel:loop closed
[0.358s] DEBUG:colcon.colcon_parallel_executor.executor.parallel:run_until_complete finished with '2'
[0.358s] DEBUG:colcon.colcon_core.event_reactor:joining thread
[0.362s] INFO:colcon.colcon_core.plugin_system:Skipping extension 'colcon_notification.desktop_notification.terminal_notifier': Not used on non-Darwin systems
[0.362s] INFO:colcon.colcon_core.plugin_system:Skipping extension 'colcon_notification.desktop_notification.win32': Not used on non-Windows systems
[0.363s] INFO:colcon.colcon_notification.desktop_notification:Sending desktop notification using 'notify2'
[0.377s] DEBUG:colcon.colcon_core.event_reactor:joined thread
[0.378s] INFO:colcon.colcon_core.shell:Creating prefix script '/home/omerb/garp7-8_ws/install/local_setup.ps1'
[0.380s] INFO:colcon.colcon_core.shell:Creating prefix util module '/home/omerb/garp7-8_ws/install/_local_setup_util_ps1.py'
[0.381s] INFO:colcon.colcon_core.shell:Creating prefix chain script '/home/omerb/garp7-8_ws/install/setup.ps1'
[0.382s] INFO:colcon.colcon_core.shell:Creating prefix script '/home/omerb/garp7-8_ws/install/local_setup.sh'
[0.382s] INFO:colcon.colcon_core.shell:Creating prefix util module '/home/omerb/garp7-8_ws/install/_local_setup_util_sh.py'
[0.383s] INFO:colcon.colcon_core.shell:Creating prefix chain script '/home/omerb/garp7-8_ws/install/setup.sh'
[0.384s] INFO:colcon.colcon_core.shell:Creating prefix script '/home/omerb/garp7-8_ws/install/local_setup.bash'
[0.384s] INFO:colcon.colcon_core.shell:Creating prefix chain script '/home/omerb/garp7-8_ws/install/setup.bash'
[0.385s] INFO:colcon.colcon_core.shell:Creating prefix script '/home/omerb/garp7-8_ws/install/local_setup.zsh'
[0.386s] INFO:colcon.colcon_core.shell:Creating prefix chain script '/home/omerb/garp7-8_ws/install/setup.zsh'
