running egg_info
writing ../../build/garp_tools/garp_tools.egg-info/PKG-INFO
writing dependency_links to ../../build/garp_tools/garp_tools.egg-info/dependency_links.txt
writing entry points to ../../build/garp_tools/garp_tools.egg-info/entry_points.txt
writing requirements to ../../build/garp_tools/garp_tools.egg-info/requires.txt
writing top-level names to ../../build/garp_tools/garp_tools.egg-info/top_level.txt
reading manifest file '../../build/garp_tools/garp_tools.egg-info/SOURCES.txt'
writing manifest file '../../build/garp_tools/garp_tools.egg-info/SOURCES.txt'
running build
running build_py
running install
running install_lib
running install_data
running install_egg_info
removing '/home/omerb/garp11_ws/install/garp_tools/lib/python3.12/site-packages/garp_tools-0.0.0-py3.12.egg-info' (and everything under it)
Copying ../../build/garp_tools/garp_tools.egg-info to /home/omerb/garp11_ws/install/garp_tools/lib/python3.12/site-packages/garp_tools-0.0.0-py3.12.egg-info
running install_scripts
Installing odom_to_tf script to /home/omerb/garp11_ws/install/garp_tools/lib/garp_tools
Installing teleop_keyboard script to /home/omerb/garp11_ws/install/garp_tools/lib/garp_tools
writing list of installed files to '/home/omerb/garp11_ws/build/garp_tools/install.log'
